#
# There is insufficient memory for the Java Runtime Environment to continue.
# Native memory allocation (mmap) failed to map 260046848 bytes for G1 virtual space
# Possible reasons:
#   The system is out of physical RAM or swap space
#   The process is running with CompressedOops enabled, and the Java Heap may be blocking the growth of the native heap
# Possible solutions:
#   Reduce memory load on the system
#   Increase physical memory or swap space
#   Check if swap backing store is full
#   Decrease Java heap size (-Xmx/-Xms)
#   Decrease number of Java threads
#   Decrease Java thread stack sizes (-Xss)
#   Set larger code cache with -XX:ReservedCodeCacheSize=
#   JVM is running with Zero Based Compressed Oops mode in which the Java heap is
#     placed in the first 32GB address space. The Java Heap base address is the
#     maximum limit for the native heap growth. Please use -XX:HeapBaseMinAddress
#     to set the Java Heap base and to place the Java Heap above 32GB virtual address.
# This output file may be truncated or incomplete.
#
#  Out of Memory Error (os_windows.cpp:3600), pid=21364, tid=8660
#
# JRE version: Java(TM) SE Runtime Environment (21.0.1+12) (build 21.0.1+12-LTS-29)
# Java VM: Java HotSpot(TM) 64-Bit Server VM (21.0.1+12-LTS-29, mixed mode, sharing, tiered, compressed oops, compressed class ptrs, g1 gc, windows-amd64)
# No core dump will be written. Minidumps are not enabled by default on client versions of Windows
#

---------------  S U M M A R Y ------------

Command Line: --add-opens=java.base/java.util=ALL-UNNAMED --add-opens=java.base/java.lang=ALL-UNNAMED --add-opens=java.base/java.lang.invoke=ALL-UNNAMED --add-opens=java.prefs/java.util.prefs=ALL-UNNAMED --add-opens=java.base/java.nio.charset=ALL-UNNAMED --add-opens=java.base/java.net=ALL-UNNAMED --add-opens=java.base/java.util.concurrent.atomic=ALL-UNNAMED -Xmx3G -Dfile.encoding=UTF-8 -Duser.country=CN -Duser.language=zh -Duser.variant -javaagent:D:\.gradle\wrapper\dists\gradle-8.4-bin\1w5dpkrfk8irigvoxmyhowfim\gradle-8.4\lib\agents\gradle-instrumentation-agent-8.4.jar org.gradle.launcher.daemon.bootstrap.GradleDaemon 8.4

Host: AMD Ryzen 5 5600H with Radeon Graphics         , 12 cores, 13G,  Windows 11 , 64 bit Build 22621 (10.0.22621.4830)
Time: Sun Mar  9 14:22:17 2025  Windows 11 , 64 bit Build 22621 (10.0.22621.4830) elapsed time: 15.303456 seconds (0d 0h 0m 15s)

---------------  T H R E A D  ---------------

Current thread (0x00000241a101dbb0):  VMThread "VM Thread"          [id=8660, stack(0x0000009440800000,0x0000009440900000) (1024K)]

Stack: [0x0000009440800000,0x0000009440900000]
Native frames: (J=compiled Java code, j=interpreted, Vv=VM code, C=native code)
V  [jvm.dll+0x6c9029]
V  [jvm.dll+0x854b81]
V  [jvm.dll+0x856e5e]
V  [jvm.dll+0x857543]
V  [jvm.dll+0x280c06]
V  [jvm.dll+0x6c5715]
V  [jvm.dll+0x6ba10a]
V  [jvm.dll+0x3557ea]
V  [jvm.dll+0x35d436]
V  [jvm.dll+0x3ae1be]
V  [jvm.dll+0x3ae468]
V  [jvm.dll+0x3291fc]
V  [jvm.dll+0x329287]
V  [jvm.dll+0x36db3c]
V  [jvm.dll+0x36c33d]
V  [jvm.dll+0x328971]
V  [jvm.dll+0x36bd68]
V  [jvm.dll+0x85d048]
V  [jvm.dll+0x85e144]
V  [jvm.dll+0x85e680]
V  [jvm.dll+0x85e923]
V  [jvm.dll+0x7fd728]
V  [jvm.dll+0x6c777d]
C  [ucrtbase.dll+0x29333]
C  [KERNEL32.DLL+0x1259d]
C  [ntdll.dll+0x5af38]

VM_Operation (0x0000009441df5428): G1TryInitiateConcMark, mode: safepoint, requested by thread 0x00000241e7f65e80


---------------  P R O C E S S  ---------------

Threads class SMR info:
_java_thread_list=0x00000241eb641e20, length=109, elements={
0x0000024182e5b910, 0x00000241a1040920, 0x00000241a1041740, 0x00000241a1043c30,
0x00000241a1046b00, 0x00000241a104f570, 0x00000241a1050100, 0x00000241a105c120,
0x00000241a105f890, 0x00000241a112db20, 0x00000241a12b2770, 0x00000241e80fe530,
0x00000241a1c08850, 0x00000241e7e6e620, 0x00000241e7f6cb90, 0x00000241e7f6d200,
0x00000241e7f54500, 0x00000241e7f65e80, 0x00000241e7f5cb90, 0x00000241e8069bc0,
0x00000241e806f290, 0x00000241e806ffb0, 0x00000241e80719f0, 0x00000241e8070640,
0x00000241e8071360, 0x00000241e8070cd0, 0x00000241e806ec00, 0x00000241e806e570,
0x00000241e84c73d0, 0x00000241e84cdcd0, 0x00000241e84c6d40, 0x00000241e84cd640,
0x00000241e84c8780, 0x00000241e84c8e10, 0x00000241e84c94a0, 0x00000241e84ca1c0,
0x00000241e84c9b30, 0x00000241e84c80f0, 0x00000241e84ce360, 0x00000241e84ca850,
0x00000241e84caee0, 0x00000241e84cbc00, 0x00000241e84cc290, 0x00000241e84cc920,
0x00000241a1a2dbd0, 0x00000241a1a2ef80, 0x00000241a1a2e260, 0x00000241a1a2fca0,
0x00000241a1a32400, 0x00000241a1a2c190, 0x00000241a1a2c820, 0x00000241a1a2e8f0,
0x00000241a1a2d540, 0x00000241a1a2ceb0, 0x00000241a1a2f610, 0x00000241a1a30330,
0x00000241e84ccfb0, 0x00000241ea982b20, 0x00000241ea9831b0, 0x00000241ea983840,
0x00000241ea982490, 0x00000241ea9810e0, 0x00000241ea986cc0, 0x00000241ea983ed0,
0x00000241ea987350, 0x00000241ea984560, 0x00000241ea984bf0, 0x00000241ea986630,
0x00000241ea985280, 0x00000241ea9803c0, 0x00000241ea985910, 0x00000241ea9879e0,
0x00000241ea985fa0, 0x00000241ea981770, 0x00000241ed3ab7c0, 0x00000241ed3aec40,
0x00000241a10613d0, 0x00000241ed3a9d80, 0x00000241ed3aaaa0, 0x00000241ed3ac4e0,
0x00000241ed3a9060, 0x00000241ed3ab130, 0x00000241ed3acb70, 0x00000241ed3ad200,
0x00000241ed3abe50, 0x00000241ed3adf20, 0x00000241ed3a8340, 0x00000241ed3af2d0,
0x00000241ed3ae5b0, 0x00000241ed3af960, 0x00000241ed3a89d0, 0x00000241ed3a96f0,
0x00000241ed3aa410, 0x00000241eb036b70, 0x00000241eb039960, 0x00000241eb039ff0,
0x00000241eb034aa0, 0x00000241eb03ad10, 0x00000241eb0392d0, 0x00000241eb03a680,
0x00000241eb035130, 0x00000241eb0357c0, 0x00000241eb033d80, 0x00000241eb035e50,
0x00000241eb0364e0, 0x00000241eb037200, 0x00000241eb03b3a0, 0x00000241eb034410,
0x00000241eb037890
}

Java Threads: ( => current thread )
  0x0000024182e5b910 JavaThread "main"                              [_thread_blocked, id=23908, stack(0x0000009440100000,0x0000009440200000) (1024K)]
  0x00000241a1040920 JavaThread "Reference Handler"          daemon [_thread_blocked, id=25980, stack(0x0000009440900000,0x0000009440a00000) (1024K)]
  0x00000241a1041740 JavaThread "Finalizer"                  daemon [_thread_blocked, id=7548, stack(0x0000009440a00000,0x0000009440b00000) (1024K)]
  0x00000241a1043c30 JavaThread "Signal Dispatcher"          daemon [_thread_blocked, id=22828, stack(0x0000009440b00000,0x0000009440c00000) (1024K)]
  0x00000241a1046b00 JavaThread "Attach Listener"            daemon [_thread_blocked, id=4100, stack(0x0000009440c00000,0x0000009440d00000) (1024K)]
  0x00000241a104f570 JavaThread "Service Thread"             daemon [_thread_blocked, id=22256, stack(0x0000009440d00000,0x0000009440e00000) (1024K)]
  0x00000241a1050100 JavaThread "Monitor Deflation Thread"   daemon [_thread_blocked, id=5080, stack(0x0000009440e00000,0x0000009440f00000) (1024K)]
  0x00000241a105c120 JavaThread "C2 CompilerThread0"         daemon [_thread_blocked, id=20684, stack(0x0000009440f00000,0x0000009441000000) (1024K)]
  0x00000241a105f890 JavaThread "C1 CompilerThread0"         daemon [_thread_blocked, id=21884, stack(0x0000009441000000,0x0000009441100000) (1024K)]
  0x00000241a112db20 JavaThread "Common-Cleaner"             daemon [_thread_blocked, id=13568, stack(0x0000009441100000,0x0000009441200000) (1024K)]
  0x00000241a12b2770 JavaThread "Notification Thread"        daemon [_thread_blocked, id=22544, stack(0x0000009441200000,0x0000009441300000) (1024K)]
  0x00000241e80fe530 JavaThread "Daemon health stats"               [_thread_blocked, id=2008, stack(0x0000009441700000,0x0000009441800000) (1024K)]
  0x00000241a1c08850 JavaThread "Incoming local TCP Connector on port 54942"        [_thread_in_native, id=17008, stack(0x0000009441800000,0x0000009441900000) (1024K)]
  0x00000241e7e6e620 JavaThread "Daemon periodic checks"            [_thread_blocked, id=16688, stack(0x0000009441900000,0x0000009441a00000) (1024K)]
  0x00000241e7f6cb90 JavaThread "Daemon"                            [_thread_blocked, id=12472, stack(0x0000009441a00000,0x0000009441b00000) (1024K)]
  0x00000241e7f6d200 JavaThread "Handler for socket connection from /127.0.0.1:54942 to /127.0.0.1:54943"        [_thread_in_native, id=2984, stack(0x0000009441b00000,0x0000009441c00000) (1024K)]
  0x00000241e7f54500 JavaThread "Cancel handler"                    [_thread_blocked, id=19324, stack(0x0000009441c00000,0x0000009441d00000) (1024K)]
  0x00000241e7f65e80 JavaThread "Daemon worker"                     [_thread_blocked, id=20996, stack(0x0000009441d00000,0x0000009441e00000) (1024K)]
  0x00000241e7f5cb90 JavaThread "Asynchronous log dispatcher for DefaultDaemonConnection: socket connection from /127.0.0.1:54942 to /127.0.0.1:54943"        [_thread_blocked, id=14172, stack(0x0000009441e00000,0x0000009441f00000) (1024K)]
  0x00000241e8069bc0 JavaThread "Stdin handler"                     [_thread_blocked, id=20824, stack(0x0000009441f00000,0x0000009442000000) (1024K)]
  0x00000241e806f290 JavaThread "Daemon client event forwarder"        [_thread_blocked, id=17488, stack(0x0000009442000000,0x0000009442100000) (1024K)]
  0x00000241e806ffb0 JavaThread "Cache worker for journal cache (D:\.gradle\caches\journal-1)"        [_thread_blocked, id=22108, stack(0x0000009442100000,0x0000009442200000) (1024K)]
  0x00000241e80719f0 JavaThread "File lock request listener"        [_thread_in_native, id=23984, stack(0x0000009442200000,0x0000009442300000) (1024K)]
  0x00000241e8070640 JavaThread "Cache worker for file hash cache (D:\.gradle\caches\8.4\fileHashes)"        [_thread_blocked, id=5176, stack(0x0000009442300000,0x0000009442400000) (1024K)]
  0x00000241e8071360 JavaThread "File watcher server"        daemon [_thread_in_native, id=19972, stack(0x0000009442b00000,0x0000009442c00000) (1024K)]
  0x00000241e8070cd0 JavaThread "File watcher consumer"      daemon [_thread_blocked, id=22612, stack(0x0000009442c00000,0x0000009442d00000) (1024K)]
  0x00000241e806ec00 JavaThread "jar transforms"                    [_thread_blocked, id=15892, stack(0x0000009442d00000,0x0000009442e00000) (1024K)]
  0x00000241e806e570 JavaThread "jar transforms Thread 2"           [_thread_blocked, id=18576, stack(0x0000009442e00000,0x0000009442f00000) (1024K)]
  0x00000241e84c73d0 JavaThread "jar transforms Thread 3"           [_thread_blocked, id=21400, stack(0x0000009442f00000,0x0000009443000000) (1024K)]
  0x00000241e84cdcd0 JavaThread "jar transforms Thread 4"           [_thread_blocked, id=18832, stack(0x0000009443000000,0x0000009443100000) (1024K)]
  0x00000241e84c6d40 JavaThread "jar transforms Thread 5"           [_thread_blocked, id=22900, stack(0x0000009443100000,0x0000009443200000) (1024K)]
  0x00000241e84cd640 JavaThread "jar transforms Thread 6"           [_thread_blocked, id=26328, stack(0x0000009443200000,0x0000009443300000) (1024K)]
  0x00000241e84c8780 JavaThread "jar transforms Thread 7"           [_thread_blocked, id=20760, stack(0x0000009443300000,0x0000009443400000) (1024K)]
  0x00000241e84c8e10 JavaThread "jar transforms Thread 8"           [_thread_blocked, id=8648, stack(0x0000009443400000,0x0000009443500000) (1024K)]
  0x00000241e84c94a0 JavaThread "jar transforms Thread 9"           [_thread_blocked, id=23992, stack(0x0000009443500000,0x0000009443600000) (1024K)]
  0x00000241e84ca1c0 JavaThread "jar transforms Thread 10"          [_thread_blocked, id=23848, stack(0x0000009443600000,0x0000009443700000) (1024K)]
  0x00000241e84c9b30 JavaThread "jar transforms Thread 11"          [_thread_blocked, id=7088, stack(0x0000009443700000,0x0000009443800000) (1024K)]
  0x00000241e84c80f0 JavaThread "jar transforms Thread 12"          [_thread_blocked, id=11268, stack(0x0000009443800000,0x0000009443900000) (1024K)]
  0x00000241e84ce360 JavaThread "Cache worker for checksums cache (D:\Desktop\mcMod\CTNH-Core\.gradle\8.4\checksums)"        [_thread_blocked, id=18464, stack(0x0000009443900000,0x0000009443a00000) (1024K)]
  0x00000241e84ca850 JavaThread "Cache worker for file hash cache (D:\Desktop\mcMod\CTNH-Core\.gradle\8.4\fileHashes)"        [_thread_blocked, id=22052, stack(0x0000009443a00000,0x0000009443b00000) (1024K)]
  0x00000241e84caee0 JavaThread "Cache worker for cache directory md-supplier (D:\.gradle\caches\8.4\md-supplier)"        [_thread_blocked, id=11304, stack(0x0000009443b00000,0x0000009443c00000) (1024K)]
  0x00000241e84cbc00 JavaThread "Cache worker for file content cache (D:\.gradle\caches\8.4\fileContent)"        [_thread_blocked, id=26404, stack(0x0000009443c00000,0x0000009443d00000) (1024K)]
  0x00000241e84cc290 JavaThread "Cache worker for cache directory md-rule (D:\.gradle\caches\8.4\md-rule)"        [_thread_blocked, id=24480, stack(0x0000009443d00000,0x0000009443e00000) (1024K)]
  0x00000241e84cc920 JavaThread "Cache worker for execution history cache (D:\.gradle\caches\8.4\executionHistory)"        [_thread_blocked, id=12000, stack(0x0000009443e00000,0x0000009443f00000) (1024K)]
  0x00000241a1a2dbd0 JavaThread "File lock release action executor"        [_thread_blocked, id=20168, stack(0x0000009443f00000,0x0000009444000000) (1024K)]
  0x00000241a1a2ef80 JavaThread "Unconstrained build operations"        [_thread_blocked, id=3424, stack(0x0000009444100000,0x0000009444200000) (1024K)]
  0x00000241a1a2e260 JavaThread "Unconstrained build operations Thread 2"        [_thread_blocked, id=24172, stack(0x0000009444200000,0x0000009444300000) (1024K)]
  0x00000241a1a2fca0 JavaThread "Cache worker for dependencies-accessors (D:\Desktop\mcMod\CTNH-Core\.gradle\8.4\dependencies-accessors)"        [_thread_blocked, id=23708, stack(0x0000009444300000,0x0000009444400000) (1024K)]
  0x00000241a1a32400 JavaThread "Cache worker for Build Output Cleanup Cache (D:\Desktop\mcMod\CTNH-Core\.gradle\buildOutputCleanup)"        [_thread_blocked, id=24488, stack(0x0000009444500000,0x0000009444600000) (1024K)]
  0x00000241a1a2c190 JavaThread "Unconstrained build operations Thread 3"        [_thread_blocked, id=9536, stack(0x0000009444600000,0x0000009444700000) (1024K)]
  0x00000241a1a2c820 JavaThread "Unconstrained build operations Thread 4"        [_thread_blocked, id=24104, stack(0x0000009444700000,0x0000009444800000) (1024K)]
  0x00000241a1a2e8f0 JavaThread "Unconstrained build operations Thread 5"        [_thread_blocked, id=24072, stack(0x0000009444800000,0x0000009444900000) (1024K)]
  0x00000241a1a2d540 JavaThread "Unconstrained build operations Thread 6"        [_thread_blocked, id=11920, stack(0x0000009444900000,0x0000009444a00000) (1024K)]
  0x00000241a1a2ceb0 JavaThread "Unconstrained build operations Thread 7"        [_thread_blocked, id=18736, stack(0x0000009444a00000,0x0000009444b00000) (1024K)]
  0x00000241a1a2f610 JavaThread "Unconstrained build operations Thread 8"        [_thread_blocked, id=4488, stack(0x0000009444b00000,0x0000009444c00000) (1024K)]
  0x00000241a1a30330 JavaThread "Unconstrained build operations Thread 9"        [_thread_blocked, id=14728, stack(0x0000009444c00000,0x0000009444d00000) (1024K)]
  0x00000241e84ccfb0 JavaThread "Unconstrained build operations Thread 10"        [_thread_blocked, id=20920, stack(0x0000009444d00000,0x0000009444e00000) (1024K)]
  0x00000241ea982b20 JavaThread "Unconstrained build operations Thread 11"        [_thread_blocked, id=14912, stack(0x0000009444e00000,0x0000009444f00000) (1024K)]
  0x00000241ea9831b0 JavaThread "Unconstrained build operations Thread 12"        [_thread_blocked, id=5132, stack(0x0000009444f00000,0x0000009445000000) (1024K)]
  0x00000241ea983840 JavaThread "Unconstrained build operations Thread 13"        [_thread_blocked, id=17868, stack(0x0000009445000000,0x0000009445100000) (1024K)]
  0x00000241ea982490 JavaThread "Keep-Alive-Timer"           daemon [_thread_blocked, id=21992, stack(0x0000009444400000,0x0000009444500000) (1024K)]
  0x00000241ea9810e0 JavaThread "Memory manager"                    [_thread_blocked, id=25352, stack(0x0000009445100000,0x0000009445200000) (1024K)]
  0x00000241ea986cc0 JavaThread "ForkJoinPool.commonPool-worker-1" daemon [_thread_blocked, id=21880, stack(0x0000009445300000,0x0000009445400000) (1024K)]
  0x00000241ea983ed0 JavaThread "ForkJoinPool.commonPool-worker-2" daemon [_thread_blocked, id=25412, stack(0x0000009445400000,0x0000009445500000) (1024K)]
  0x00000241ea987350 JavaThread "ForkJoinPool.commonPool-worker-3" daemon [_thread_blocked, id=23252, stack(0x0000009445500000,0x0000009445600000) (1024K)]
  0x00000241ea984560 JavaThread "ForkJoinPool.commonPool-worker-4" daemon [_thread_blocked, id=5560, stack(0x0000009445600000,0x0000009445700000) (1024K)]
  0x00000241ea984bf0 JavaThread "ForkJoinPool.commonPool-worker-5" daemon [_thread_blocked, id=24232, stack(0x0000009445700000,0x0000009445800000) (1024K)]
  0x00000241ea986630 JavaThread "ForkJoinPool.commonPool-worker-6" daemon [_thread_blocked, id=10880, stack(0x0000009445800000,0x0000009445900000) (1024K)]
  0x00000241ea985280 JavaThread "ForkJoinPool.commonPool-worker-7" daemon [_thread_blocked, id=26200, stack(0x0000009445900000,0x0000009445a00000) (1024K)]
  0x00000241ea9803c0 JavaThread "ForkJoinPool.commonPool-worker-8" daemon [_thread_blocked, id=17348, stack(0x0000009445a00000,0x0000009445b00000) (1024K)]
  0x00000241ea985910 JavaThread "ForkJoinPool.commonPool-worker-9" daemon [_thread_blocked, id=22196, stack(0x0000009445b00000,0x0000009445c00000) (1024K)]
  0x00000241ea9879e0 JavaThread "ForkJoinPool.commonPool-worker-10" daemon [_thread_blocked, id=19072, stack(0x0000009445c00000,0x0000009445d00000) (1024K)]
  0x00000241ea985fa0 JavaThread "ForkJoinPool.commonPool-worker-11" daemon [_thread_blocked, id=25384, stack(0x0000009445d00000,0x0000009445e00000) (1024K)]
  0x00000241ea981770 JavaThread "Exec process"               daemon [_thread_blocked, id=18692, stack(0x0000009445e00000,0x0000009445f00000) (1024K)]
  0x00000241ed3ab7c0 JavaThread "Exec process Thread 2"      daemon [_thread_blocked, id=2528, stack(0x0000009445f00000,0x0000009446000000) (1024K)]
  0x00000241ed3aec40 JavaThread "Exec process Thread 3"      daemon [_thread_blocked, id=18016, stack(0x0000009446000000,0x0000009446100000) (1024K)]
  0x00000241a10613d0 JavaThread "C2 CompilerThread1"         daemon [_thread_blocked, id=20504, stack(0x0000009444000000,0x0000009444100000) (1024K)]
  0x00000241ed3a9d80 JavaThread "Unconstrained build operations Thread 14"        [_thread_blocked, id=19980, stack(0x0000009445200000,0x0000009445300000) (1024K)]
  0x00000241ed3aaaa0 JavaThread "Unconstrained build operations Thread 15"        [_thread_blocked, id=24884, stack(0x0000009446100000,0x0000009446200000) (1024K)]
  0x00000241ed3ac4e0 JavaThread "Unconstrained build operations Thread 16"        [_thread_blocked, id=26232, stack(0x0000009446200000,0x0000009446300000) (1024K)]
  0x00000241ed3a9060 JavaThread "Unconstrained build operations Thread 17"        [_thread_blocked, id=14368, stack(0x0000009446300000,0x0000009446400000) (1024K)]
  0x00000241ed3ab130 JavaThread "Unconstrained build operations Thread 18"        [_thread_blocked, id=22100, stack(0x0000009446400000,0x0000009446500000) (1024K)]
  0x00000241ed3acb70 JavaThread "Unconstrained build operations Thread 19"        [_thread_blocked, id=17216, stack(0x0000009446500000,0x0000009446600000) (1024K)]
  0x00000241ed3ad200 JavaThread "Unconstrained build operations Thread 20"        [_thread_blocked, id=24164, stack(0x0000009446600000,0x0000009446700000) (1024K)]
  0x00000241ed3abe50 JavaThread "Unconstrained build operations Thread 21"        [_thread_blocked, id=22624, stack(0x0000009446700000,0x0000009446800000) (1024K)]
  0x00000241ed3adf20 JavaThread "Unconstrained build operations Thread 22"        [_thread_blocked, id=19872, stack(0x0000009446800000,0x0000009446900000) (1024K)]
  0x00000241ed3a8340 JavaThread "Unconstrained build operations Thread 23"        [_thread_blocked, id=26136, stack(0x0000009446900000,0x0000009446a00000) (1024K)]
  0x00000241ed3af2d0 JavaThread "Unconstrained build operations Thread 24"        [_thread_blocked, id=19204, stack(0x0000009446a00000,0x0000009446b00000) (1024K)]
  0x00000241ed3ae5b0 JavaThread "Unconstrained build operations Thread 25"        [_thread_blocked, id=26204, stack(0x0000009446b00000,0x0000009446c00000) (1024K)]
  0x00000241ed3af960 JavaThread "Unconstrained build operations Thread 26"        [_thread_blocked, id=1276, stack(0x0000009446c00000,0x0000009446d00000) (1024K)]
  0x00000241ed3a89d0 JavaThread "Unconstrained build operations Thread 27"        [_thread_blocked, id=16440, stack(0x0000009446d00000,0x0000009446e00000) (1024K)]
  0x00000241ed3a96f0 JavaThread "Unconstrained build operations Thread 28"        [_thread_blocked, id=2460, stack(0x0000009446e00000,0x0000009446f00000) (1024K)]
  0x00000241ed3aa410 JavaThread "Unconstrained build operations Thread 29"        [_thread_blocked, id=23964, stack(0x0000009446f00000,0x0000009447000000) (1024K)]
  0x00000241eb036b70 JavaThread "Unconstrained build operations Thread 30"        [_thread_blocked, id=3548, stack(0x0000009447000000,0x0000009447100000) (1024K)]
  0x00000241eb039960 JavaThread "Unconstrained build operations Thread 31"        [_thread_blocked, id=1828, stack(0x0000009447100000,0x0000009447200000) (1024K)]
  0x00000241eb039ff0 JavaThread "Unconstrained build operations Thread 32"        [_thread_blocked, id=23368, stack(0x0000009447200000,0x0000009447300000) (1024K)]
  0x00000241eb034aa0 JavaThread "included builds"                   [_thread_blocked, id=25604, stack(0x0000009447300000,0x0000009447400000) (1024K)]
  0x00000241eb03ad10 JavaThread "Execution worker"                  [_thread_blocked, id=7264, stack(0x0000009447400000,0x0000009447500000) (1024K)]
  0x00000241eb0392d0 JavaThread "Execution worker Thread 2"         [_thread_blocked, id=24844, stack(0x0000009447500000,0x0000009447600000) (1024K)]
  0x00000241eb03a680 JavaThread "Execution worker Thread 3"         [_thread_blocked, id=21096, stack(0x0000009447600000,0x0000009447700000) (1024K)]
  0x00000241eb035130 JavaThread "Execution worker Thread 4"         [_thread_blocked, id=24936, stack(0x0000009447700000,0x0000009447800000) (1024K)]
  0x00000241eb0357c0 JavaThread "Execution worker Thread 5"         [_thread_blocked, id=23180, stack(0x0000009447800000,0x0000009447900000) (1024K)]
  0x00000241eb033d80 JavaThread "Execution worker Thread 6"         [_thread_blocked, id=26316, stack(0x0000009447900000,0x0000009447a00000) (1024K)]
  0x00000241eb035e50 JavaThread "Execution worker Thread 7"         [_thread_blocked, id=25912, stack(0x0000009447a00000,0x0000009447b00000) (1024K)]
  0x00000241eb0364e0 JavaThread "Execution worker Thread 8"         [_thread_blocked, id=13532, stack(0x0000009447b00000,0x0000009447c00000) (1024K)]
  0x00000241eb037200 JavaThread "Execution worker Thread 9"         [_thread_blocked, id=11684, stack(0x0000009447c00000,0x0000009447d00000) (1024K)]
  0x00000241eb03b3a0 JavaThread "Execution worker Thread 10"        [_thread_blocked, id=21136, stack(0x0000009447d00000,0x0000009447e00000) (1024K)]
  0x00000241eb034410 JavaThread "Execution worker Thread 11"        [_thread_blocked, id=18848, stack(0x0000009447e00000,0x0000009447f00000) (1024K)]
  0x00000241eb037890 JavaThread "Cache worker for execution history cache (D:\Desktop\mcMod\CTNH-Core\.gradle\8.4\executionHistory)"        [_thread_blocked, id=15560, stack(0x0000009447f00000,0x0000009448000000) (1024K)]
Total: 109

Other Threads:
=>0x00000241a101dbb0 VMThread "VM Thread"                           [id=8660, stack(0x0000009440800000,0x0000009440900000) (1024K)]
  0x00000241a1008670 WatcherThread "VM Periodic Task Thread"        [id=16144, stack(0x0000009440700000,0x0000009440800000) (1024K)]
  0x0000024182eb1c30 WorkerThread "GC Thread#0"                     [id=19096, stack(0x0000009440200000,0x0000009440300000) (1024K)]
  0x00000241a19f8d70 WorkerThread "GC Thread#1"                     [id=8212, stack(0x0000009441300000,0x0000009441400000) (1024K)]
  0x00000241a1c4a140 WorkerThread "GC Thread#2"                     [id=8208, stack(0x0000009441400000,0x0000009441500000) (1024K)]
  0x00000241a1c4a8f0 WorkerThread "GC Thread#3"                     [id=18440, stack(0x0000009441500000,0x0000009441600000) (1024K)]
  0x00000241a1b67430 WorkerThread "GC Thread#4"                     [id=19636, stack(0x0000009441600000,0x0000009441700000) (1024K)]
  0x00000241e8399350 WorkerThread "GC Thread#5"                     [id=19696, stack(0x0000009442400000,0x0000009442500000) (1024K)]
  0x00000241e83996f0 WorkerThread "GC Thread#6"                     [id=11068, stack(0x0000009442500000,0x0000009442600000) (1024K)]
  0x00000241e839a910 WorkerThread "GC Thread#7"                     [id=25528, stack(0x0000009442600000,0x0000009442700000) (1024K)]
  0x00000241e8399e30 WorkerThread "GC Thread#8"                     [id=22388, stack(0x0000009442700000,0x0000009442800000) (1024K)]
  0x00000241e8398fb0 WorkerThread "GC Thread#9"                     [id=18880, stack(0x0000009442800000,0x0000009442900000) (1024K)]
  0x0000024182ebeb20 ConcurrentGCThread "G1 Main Marker"            [id=22340, stack(0x0000009440300000,0x0000009440400000) (1024K)]
  0x0000024182ebf530 WorkerThread "G1 Conc#0"                       [id=15168, stack(0x0000009440400000,0x0000009440500000) (1024K)]
  0x00000241e8615ae0 WorkerThread "G1 Conc#1"                       [id=14008, stack(0x0000009442900000,0x0000009442a00000) (1024K)]
  0x00000241e8615e80 WorkerThread "G1 Conc#2"                       [id=14740, stack(0x0000009442a00000,0x0000009442b00000) (1024K)]
  0x0000024182f1e1d0 ConcurrentGCThread "G1 Refine#0"               [id=16720, stack(0x0000009440500000,0x0000009440600000) (1024K)]
  0x00000241a0edc130 ConcurrentGCThread "G1 Service"                [id=21376, stack(0x0000009440600000,0x0000009440700000) (1024K)]
Total: 18

Threads with active compile tasks:
Total: 0

VM state: at safepoint (normal execution)

VM Mutex/Monitor currently owned by a thread:  ([mutex/lock_event])
[0x00007ffa13b6a5f8] Threads_lock - owner thread: 0x00000241a101dbb0
[0x00007ffa13b6a6f8] Heap_lock - owner thread: 0x00000241e7f65e80

Heap address: 0x0000000740000000, size: 3072 MB, Compressed Oops mode: Zero based, Oop shift amount: 3

CDS archive(s) mapped at: [0x00000241a2000000-0x00000241a2c90000-0x00000241a2c90000), size 13172736, SharedBaseAddress: 0x00000241a2000000, ArchiveRelocationMode: 1.
Compressed class space mapped at: 0x00000241a3000000-0x00000241e3000000, reserved size: 1073741824
Narrow klass base: 0x00000241a2000000, Narrow klass shift: 0, Narrow klass range: 0x100000000

GC Precious Log:
 CardTable entry size: 512
 Card Set container configuration: InlinePtr #cards 4 size 8 Array Of Cards #cards 16 size 48 Howl #buckets 8 coarsen threshold 3686 Howl Bitmap #cards 512 size 80 coarsen threshold 460 Card regions per heap region 1 cards per card region 4096
 CPUs: 12 total, 12 available
 Memory: 14188M
 Large Page Support: Disabled
 NUMA Support: Disabled
 Compressed Oops: Enabled (Zero based)
 Heap Region Size: 2M
 Heap Min Capacity: 8M
 Heap Initial Capacity: 222M
 Heap Max Capacity: 3G
 Pre-touch: Disabled
 Parallel Workers: 10
 Concurrent Workers: 3
 Concurrent Refinement Workers: 10
 Periodic GC: Disabled

Heap:
 garbage-first heap   total 262144K, used 117835K [0x0000000740000000, 0x0000000800000000)
  region size 2048K, 1 young (2048K), 1 survivors (2048K)
 Metaspace       used 76472K, committed 78848K, reserved 1179648K
  class space    used 10947K, committed 12096K, reserved 1048576K

Heap Regions: E=young(eden), S=young(survivor), O=old, HS=humongous(starts), HC=humongous(continues), CS=collection set, F=free, TAMS=top-at-mark-start, PB=parsable bottom
|   0|0x0000000740000000, 0x0000000740200000, 0x0000000740200000|100%|HS|  |TAMS 0x0000000740200000| PB 0x0000000740000000| Complete 
|   1|0x0000000740200000, 0x0000000740400000, 0x0000000740400000|100%|HC|  |TAMS 0x0000000740400000| PB 0x0000000740200000| Complete 
|   2|0x0000000740400000, 0x0000000740600000, 0x0000000740600000|100%| O|  |TAMS 0x0000000740600000| PB 0x0000000740400000| Untracked 
|   3|0x0000000740600000, 0x0000000740800000, 0x0000000740800000|100%| O|  |TAMS 0x0000000740800000| PB 0x0000000740600000| Untracked 
|   4|0x0000000740800000, 0x0000000740a00000, 0x0000000740a00000|100%| O|  |TAMS 0x0000000740a00000| PB 0x0000000740800000| Untracked 
|   5|0x0000000740a00000, 0x0000000740c00000, 0x0000000740c00000|100%| O|  |TAMS 0x0000000740c00000| PB 0x0000000740a00000| Untracked 
|   6|0x0000000740c00000, 0x0000000740e00000, 0x0000000740e00000|100%|HS|  |TAMS 0x0000000740e00000| PB 0x0000000740c00000| Complete 
|   7|0x0000000740e00000, 0x0000000741000000, 0x0000000741000000|100%|HS|  |TAMS 0x0000000741000000| PB 0x0000000740e00000| Complete 
|   8|0x0000000741000000, 0x0000000741200000, 0x0000000741200000|100%|HC|  |TAMS 0x0000000741200000| PB 0x0000000741000000| Complete 
|   9|0x0000000741200000, 0x0000000741400000, 0x0000000741400000|100%|HS|  |TAMS 0x0000000741400000| PB 0x0000000741200000| Complete 
|  10|0x0000000741400000, 0x0000000741600000, 0x0000000741600000|100%|HC|  |TAMS 0x0000000741600000| PB 0x0000000741400000| Complete 
|  11|0x0000000741600000, 0x0000000741800000, 0x0000000741800000|100%|HS|  |TAMS 0x0000000741800000| PB 0x0000000741600000| Complete 
|  12|0x0000000741800000, 0x0000000741a00000, 0x0000000741a00000|100%|HC|  |TAMS 0x0000000741a00000| PB 0x0000000741800000| Complete 
|  13|0x0000000741a00000, 0x0000000741c00000, 0x0000000741c00000|100%| O|  |TAMS 0x0000000741c00000| PB 0x0000000741a00000| Untracked 
|  14|0x0000000741c00000, 0x0000000741e00000, 0x0000000741e00000|100%| O|  |TAMS 0x0000000741e00000| PB 0x0000000741c00000| Untracked 
|  15|0x0000000741e00000, 0x0000000742000000, 0x0000000742000000|100%| O|  |TAMS 0x0000000742000000| PB 0x0000000741e00000| Untracked 
|  16|0x0000000742000000, 0x0000000742200000, 0x0000000742200000|100%|HS|  |TAMS 0x0000000742200000| PB 0x0000000742000000| Complete 
|  17|0x0000000742200000, 0x0000000742400000, 0x0000000742400000|100%|HC|  |TAMS 0x0000000742400000| PB 0x0000000742200000| Complete 
|  18|0x0000000742400000, 0x0000000742600000, 0x0000000742600000|100%| O|  |TAMS 0x0000000742600000| PB 0x0000000742400000| Untracked 
|  19|0x0000000742600000, 0x0000000742800000, 0x0000000742800000|100%| O|  |TAMS 0x0000000742800000| PB 0x0000000742600000| Untracked 
|  20|0x0000000742800000, 0x0000000742a00000, 0x0000000742a00000|100%| O|  |TAMS 0x0000000742a00000| PB 0x0000000742800000| Untracked 
|  21|0x0000000742a00000, 0x0000000742c00000, 0x0000000742c00000|100%|HS|  |TAMS 0x0000000742c00000| PB 0x0000000742a00000| Complete 
|  22|0x0000000742c00000, 0x0000000742e00000, 0x0000000742e00000|100%| O|  |TAMS 0x0000000742e00000| PB 0x0000000742c00000| Untracked 
|  23|0x0000000742e00000, 0x0000000743000000, 0x0000000743000000|100%| O|  |TAMS 0x0000000743000000| PB 0x0000000742e00000| Untracked 
|  24|0x0000000743000000, 0x0000000743200000, 0x0000000743200000|100%| O|  |TAMS 0x0000000743200000| PB 0x0000000743000000| Untracked 
|  25|0x0000000743200000, 0x0000000743400000, 0x0000000743400000|100%| O|  |TAMS 0x0000000743400000| PB 0x0000000743200000| Untracked 
|  26|0x0000000743400000, 0x0000000743600000, 0x0000000743600000|100%| O|  |TAMS 0x0000000743600000| PB 0x0000000743400000| Untracked 
|  27|0x0000000743600000, 0x0000000743800000, 0x0000000743800000|100%| O|  |TAMS 0x0000000743800000| PB 0x0000000743600000| Untracked 
|  28|0x0000000743800000, 0x0000000743a00000, 0x0000000743a00000|100%| O|  |TAMS 0x0000000743a00000| PB 0x0000000743800000| Untracked 
|  29|0x0000000743a00000, 0x0000000743c00000, 0x0000000743c00000|100%| O|  |TAMS 0x0000000743c00000| PB 0x0000000743a00000| Untracked 
|  30|0x0000000743c00000, 0x0000000743e00000, 0x0000000743e00000|100%| O|  |TAMS 0x0000000743e00000| PB 0x0000000743c00000| Untracked 
|  31|0x0000000743e00000, 0x0000000744000000, 0x0000000744000000|100%| O|  |TAMS 0x0000000744000000| PB 0x0000000743e00000| Untracked 
|  32|0x0000000744000000, 0x0000000744200000, 0x0000000744200000|100%| O|  |TAMS 0x0000000744200000| PB 0x0000000744000000| Untracked 
|  33|0x0000000744200000, 0x0000000744400000, 0x0000000744400000|100%| O|  |TAMS 0x0000000744400000| PB 0x0000000744200000| Untracked 
|  34|0x0000000744400000, 0x0000000744600000, 0x0000000744600000|100%| O|  |TAMS 0x0000000744600000| PB 0x0000000744400000| Untracked 
|  35|0x0000000744600000, 0x00000007446c0a20, 0x0000000744800000| 37%| O|  |TAMS 0x00000007446c0a20| PB 0x0000000744600000| Untracked 
|  36|0x0000000744800000, 0x0000000744800000, 0x0000000744a00000|  0%| F|  |TAMS 0x0000000744800000| PB 0x0000000744800000| Untracked 
|  37|0x0000000744a00000, 0x0000000744a00000, 0x0000000744c00000|  0%| F|  |TAMS 0x0000000744a00000| PB 0x0000000744a00000| Untracked 
|  38|0x0000000744c00000, 0x0000000744c00000, 0x0000000744e00000|  0%| F|  |TAMS 0x0000000744c00000| PB 0x0000000744c00000| Untracked 
|  39|0x0000000744e00000, 0x0000000744e00000, 0x0000000745000000|  0%| F|  |TAMS 0x0000000744e00000| PB 0x0000000744e00000| Untracked 
|  40|0x0000000745000000, 0x0000000745000000, 0x0000000745200000|  0%| F|  |TAMS 0x0000000745000000| PB 0x0000000745000000| Untracked 
|  41|0x0000000745200000, 0x0000000745200000, 0x0000000745400000|  0%| F|  |TAMS 0x0000000745200000| PB 0x0000000745200000| Untracked 
|  42|0x0000000745400000, 0x0000000745400000, 0x0000000745600000|  0%| F|  |TAMS 0x0000000745400000| PB 0x0000000745400000| Untracked 
|  43|0x0000000745600000, 0x0000000745600000, 0x0000000745800000|  0%| F|  |TAMS 0x0000000745600000| PB 0x0000000745600000| Untracked 
|  44|0x0000000745800000, 0x0000000745800000, 0x0000000745a00000|  0%| F|  |TAMS 0x0000000745800000| PB 0x0000000745800000| Untracked 
|  45|0x0000000745a00000, 0x0000000745a00000, 0x0000000745c00000|  0%| F|  |TAMS 0x0000000745a00000| PB 0x0000000745a00000| Untracked 
|  46|0x0000000745c00000, 0x0000000745c00000, 0x0000000745e00000|  0%| F|  |TAMS 0x0000000745c00000| PB 0x0000000745c00000| Untracked 
|  47|0x0000000745e00000, 0x0000000745e00000, 0x0000000746000000|  0%| F|  |TAMS 0x0000000745e00000| PB 0x0000000745e00000| Untracked 
|  48|0x0000000746000000, 0x0000000746200000, 0x0000000746200000|100%|HS|  |TAMS 0x0000000746200000| PB 0x0000000746000000| Complete 
|  49|0x0000000746200000, 0x0000000746400000, 0x0000000746400000|100%|HS|  |TAMS 0x0000000746400000| PB 0x0000000746200000| Complete 
|  50|0x0000000746400000, 0x0000000746600000, 0x0000000746600000|100%|HC|  |TAMS 0x0000000746600000| PB 0x0000000746400000| Complete 
|  51|0x0000000746600000, 0x0000000746800000, 0x0000000746800000|100%|HS|  |TAMS 0x0000000746800000| PB 0x0000000746600000| Complete 
|  52|0x0000000746800000, 0x0000000746a00000, 0x0000000746a00000|100%|HC|  |TAMS 0x0000000746a00000| PB 0x0000000746800000| Complete 
|  53|0x0000000746a00000, 0x0000000746c00000, 0x0000000746c00000|100%|HS|  |TAMS 0x0000000746c00000| PB 0x0000000746a00000| Complete 
|  54|0x0000000746c00000, 0x0000000746e00000, 0x0000000746e00000|100%|HC|  |TAMS 0x0000000746e00000| PB 0x0000000746c00000| Complete 
|  55|0x0000000746e00000, 0x0000000746e00000, 0x0000000747000000|  0%| F|  |TAMS 0x0000000746e00000| PB 0x0000000746e00000| Untracked 
|  56|0x0000000747000000, 0x0000000747000000, 0x0000000747200000|  0%| F|  |TAMS 0x0000000747000000| PB 0x0000000747000000| Untracked 
|  57|0x0000000747200000, 0x0000000747200000, 0x0000000747400000|  0%| F|  |TAMS 0x0000000747200000| PB 0x0000000747200000| Untracked 
|  58|0x0000000747400000, 0x0000000747400000, 0x0000000747600000|  0%| F|  |TAMS 0x0000000747400000| PB 0x0000000747400000| Untracked 
|  59|0x0000000747600000, 0x0000000747600000, 0x0000000747800000|  0%| F|  |TAMS 0x0000000747600000| PB 0x0000000747600000| Untracked 
|  60|0x0000000747800000, 0x0000000747800000, 0x0000000747a00000|  0%| F|  |TAMS 0x0000000747800000| PB 0x0000000747800000| Untracked 
|  61|0x0000000747a00000, 0x0000000747a00000, 0x0000000747c00000|  0%| F|  |TAMS 0x0000000747a00000| PB 0x0000000747a00000| Untracked 
|  62|0x0000000747c00000, 0x0000000747c00000, 0x0000000747e00000|  0%| F|  |TAMS 0x0000000747c00000| PB 0x0000000747c00000| Untracked 
|  63|0x0000000747e00000, 0x0000000747e00000, 0x0000000748000000|  0%| F|  |TAMS 0x0000000747e00000| PB 0x0000000747e00000| Untracked 
|  64|0x0000000748000000, 0x0000000748000000, 0x0000000748200000|  0%| F|  |TAMS 0x0000000748000000| PB 0x0000000748000000| Untracked 
|  65|0x0000000748200000, 0x0000000748200000, 0x0000000748400000|  0%| F|  |TAMS 0x0000000748200000| PB 0x0000000748200000| Untracked 
|  66|0x0000000748400000, 0x0000000748400000, 0x0000000748600000|  0%| F|  |TAMS 0x0000000748400000| PB 0x0000000748400000| Untracked 
|  67|0x0000000748600000, 0x0000000748600000, 0x0000000748800000|  0%| F|  |TAMS 0x0000000748600000| PB 0x0000000748600000| Untracked 
|  68|0x0000000748800000, 0x0000000748800000, 0x0000000748a00000|  0%| F|  |TAMS 0x0000000748800000| PB 0x0000000748800000| Untracked 
|  69|0x0000000748a00000, 0x0000000748a00000, 0x0000000748c00000|  0%| F|  |TAMS 0x0000000748a00000| PB 0x0000000748a00000| Untracked 
|  70|0x0000000748c00000, 0x0000000748c00000, 0x0000000748e00000|  0%| F|  |TAMS 0x0000000748c00000| PB 0x0000000748c00000| Untracked 
|  71|0x0000000748e00000, 0x0000000748e00000, 0x0000000749000000|  0%| F|  |TAMS 0x0000000748e00000| PB 0x0000000748e00000| Untracked 
|  72|0x0000000749000000, 0x0000000749000000, 0x0000000749200000|  0%| F|  |TAMS 0x0000000749000000| PB 0x0000000749000000| Untracked 
|  73|0x0000000749200000, 0x0000000749200000, 0x0000000749400000|  0%| F|  |TAMS 0x0000000749200000| PB 0x0000000749200000| Untracked 
|  74|0x0000000749400000, 0x0000000749400000, 0x0000000749600000|  0%| F|  |TAMS 0x0000000749400000| PB 0x0000000749400000| Untracked 
|  75|0x0000000749600000, 0x0000000749600000, 0x0000000749800000|  0%| F|  |TAMS 0x0000000749600000| PB 0x0000000749600000| Untracked 
|  76|0x0000000749800000, 0x0000000749800000, 0x0000000749a00000|  0%| F|  |TAMS 0x0000000749800000| PB 0x0000000749800000| Untracked 
|  77|0x0000000749a00000, 0x0000000749a00000, 0x0000000749c00000|  0%| F|  |TAMS 0x0000000749a00000| PB 0x0000000749a00000| Untracked 
|  78|0x0000000749c00000, 0x0000000749c00000, 0x0000000749e00000|  0%| F|  |TAMS 0x0000000749c00000| PB 0x0000000749c00000| Untracked 
|  79|0x0000000749e00000, 0x0000000749e00000, 0x000000074a000000|  0%| F|  |TAMS 0x0000000749e00000| PB 0x0000000749e00000| Untracked 
|  80|0x000000074a000000, 0x000000074a000000, 0x000000074a200000|  0%| F|  |TAMS 0x000000074a000000| PB 0x000000074a000000| Untracked 
|  81|0x000000074a200000, 0x000000074a200000, 0x000000074a400000|  0%| F|  |TAMS 0x000000074a200000| PB 0x000000074a200000| Untracked 
|  82|0x000000074a400000, 0x000000074a400000, 0x000000074a600000|  0%| F|  |TAMS 0x000000074a400000| PB 0x000000074a400000| Untracked 
|  83|0x000000074a600000, 0x000000074a600000, 0x000000074a800000|  0%| F|  |TAMS 0x000000074a600000| PB 0x000000074a600000| Untracked 
|  84|0x000000074a800000, 0x000000074a800000, 0x000000074aa00000|  0%| F|  |TAMS 0x000000074a800000| PB 0x000000074a800000| Untracked 
|  85|0x000000074aa00000, 0x000000074aa00000, 0x000000074ac00000|  0%| F|  |TAMS 0x000000074aa00000| PB 0x000000074aa00000| Untracked 
|  86|0x000000074ac00000, 0x000000074ac00000, 0x000000074ae00000|  0%| F|  |TAMS 0x000000074ac00000| PB 0x000000074ac00000| Untracked 
|  87|0x000000074ae00000, 0x000000074ae00000, 0x000000074b000000|  0%| F|  |TAMS 0x000000074ae00000| PB 0x000000074ae00000| Untracked 
|  88|0x000000074b000000, 0x000000074b000000, 0x000000074b200000|  0%| F|  |TAMS 0x000000074b000000| PB 0x000000074b000000| Untracked 
|  89|0x000000074b200000, 0x000000074b200000, 0x000000074b400000|  0%| F|  |TAMS 0x000000074b200000| PB 0x000000074b200000| Untracked 
|  90|0x000000074b400000, 0x000000074b400000, 0x000000074b600000|  0%| F|  |TAMS 0x000000074b400000| PB 0x000000074b400000| Untracked 
|  91|0x000000074b600000, 0x000000074b600000, 0x000000074b800000|  0%| F|  |TAMS 0x000000074b600000| PB 0x000000074b600000| Untracked 
|  92|0x000000074b800000, 0x000000074b800000, 0x000000074ba00000|  0%| F|  |TAMS 0x000000074b800000| PB 0x000000074b800000| Untracked 
|  93|0x000000074ba00000, 0x000000074ba00000, 0x000000074bc00000|  0%| F|  |TAMS 0x000000074ba00000| PB 0x000000074ba00000| Untracked 
|  94|0x000000074bc00000, 0x000000074bc00000, 0x000000074be00000|  0%| F|  |TAMS 0x000000074bc00000| PB 0x000000074bc00000| Untracked 
|  95|0x000000074be00000, 0x000000074be00000, 0x000000074c000000|  0%| F|  |TAMS 0x000000074be00000| PB 0x000000074be00000| Untracked 
|  96|0x000000074c000000, 0x000000074c000000, 0x000000074c200000|  0%| F|  |TAMS 0x000000074c000000| PB 0x000000074c000000| Untracked 
|  97|0x000000074c200000, 0x000000074c200000, 0x000000074c400000|  0%| F|  |TAMS 0x000000074c200000| PB 0x000000074c200000| Untracked 
|  98|0x000000074c400000, 0x000000074c400000, 0x000000074c600000|  0%| F|  |TAMS 0x000000074c400000| PB 0x000000074c400000| Untracked 
|  99|0x000000074c600000, 0x000000074c600000, 0x000000074c800000|  0%| F|  |TAMS 0x000000074c600000| PB 0x000000074c600000| Untracked 
| 100|0x000000074c800000, 0x000000074c800000, 0x000000074ca00000|  0%| F|  |TAMS 0x000000074c800000| PB 0x000000074c800000| Untracked 
| 101|0x000000074ca00000, 0x000000074ca52248, 0x000000074cc00000| 16%| S|CS|TAMS 0x000000074ca00000| PB 0x000000074ca00000| Complete 
| 102|0x000000074cc00000, 0x000000074cc00000, 0x000000074ce00000|  0%| F|  |TAMS 0x000000074cc00000| PB 0x000000074cc00000| Untracked 
| 103|0x000000074ce00000, 0x000000074ce00000, 0x000000074d000000|  0%| F|  |TAMS 0x000000074ce00000| PB 0x000000074ce00000| Untracked 
| 104|0x000000074d000000, 0x000000074d000000, 0x000000074d200000|  0%| F|  |TAMS 0x000000074d000000| PB 0x000000074d000000| Untracked 
| 105|0x000000074d200000, 0x000000074d200000, 0x000000074d400000|  0%| F|  |TAMS 0x000000074d200000| PB 0x000000074d200000| Untracked 
| 106|0x000000074d400000, 0x000000074d400000, 0x000000074d600000|  0%| F|  |TAMS 0x000000074d400000| PB 0x000000074d400000| Untracked 
| 107|0x000000074d600000, 0x000000074d600000, 0x000000074d800000|  0%| F|  |TAMS 0x000000074d600000| PB 0x000000074d600000| Untracked 
| 108|0x000000074d800000, 0x000000074d800000, 0x000000074da00000|  0%| F|  |TAMS 0x000000074d800000| PB 0x000000074d800000| Untracked 
| 109|0x000000074da00000, 0x000000074da00000, 0x000000074dc00000|  0%| F|  |TAMS 0x000000074da00000| PB 0x000000074da00000| Untracked 
| 110|0x000000074dc00000, 0x000000074dc00000, 0x000000074de00000|  0%| F|  |TAMS 0x000000074dc00000| PB 0x000000074dc00000| Untracked 
|1519|0x00000007fde00000, 0x00000007fe000000, 0x00000007fe000000|100%| O|  |TAMS 0x00000007fe000000| PB 0x00000007fde00000| Untracked 
|1520|0x00000007fe000000, 0x00000007fe200000, 0x00000007fe200000|100%| O|  |TAMS 0x00000007fe200000| PB 0x00000007fe000000| Untracked 
|1521|0x00000007fe200000, 0x00000007fe400000, 0x00000007fe400000|100%| O|  |TAMS 0x00000007fe400000| PB 0x00000007fe200000| Untracked 
|1522|0x00000007fe400000, 0x00000007fe600000, 0x00000007fe600000|100%| O|  |TAMS 0x00000007fe600000| PB 0x00000007fe400000| Untracked 
|1523|0x00000007fe600000, 0x00000007fe800000, 0x00000007fe800000|100%| O|  |TAMS 0x00000007fe800000| PB 0x00000007fe600000| Untracked 
|1524|0x00000007fe800000, 0x00000007fea00000, 0x00000007fea00000|100%| O|  |TAMS 0x00000007fea00000| PB 0x00000007fe800000| Untracked 
|1525|0x00000007fea00000, 0x00000007fec00000, 0x00000007fec00000|100%| O|  |TAMS 0x00000007fec00000| PB 0x00000007fea00000| Untracked 
|1526|0x00000007fec00000, 0x00000007fee00000, 0x00000007fee00000|100%| O|  |TAMS 0x00000007fee00000| PB 0x00000007fec00000| Untracked 
|1527|0x00000007fee00000, 0x00000007ff000000, 0x00000007ff000000|100%| O|  |TAMS 0x00000007ff000000| PB 0x00000007fee00000| Untracked 
|1528|0x00000007ff000000, 0x00000007ff200000, 0x00000007ff200000|100%| O|  |TAMS 0x00000007ff200000| PB 0x00000007ff000000| Untracked 
|1529|0x00000007ff200000, 0x00000007ff200000, 0x00000007ff400000|  0%| F|  |TAMS 0x00000007ff200000| PB 0x00000007ff200000| Untracked 
|1530|0x00000007ff400000, 0x00000007ff400000, 0x00000007ff600000|  0%| F|  |TAMS 0x00000007ff400000| PB 0x00000007ff400000| Untracked 
|1531|0x00000007ff600000, 0x00000007ff800000, 0x00000007ff800000|100%| O|  |TAMS 0x00000007ff800000| PB 0x00000007ff600000| Untracked 
|1532|0x00000007ff800000, 0x00000007ffa00000, 0x00000007ffa00000|100%| O|  |TAMS 0x00000007ffa00000| PB 0x00000007ff800000| Untracked 
|1533|0x00000007ffa00000, 0x00000007ffc00000, 0x00000007ffc00000|100%| O|  |TAMS 0x00000007ffc00000| PB 0x00000007ffa00000| Untracked 
|1534|0x00000007ffc00000, 0x00000007ffe00000, 0x00000007ffe00000|100%| O|  |TAMS 0x00000007ffe00000| PB 0x00000007ffc00000| Untracked 
|1535|0x00000007ffe00000, 0x0000000800000000, 0x0000000800000000|100%| O|  |TAMS 0x0000000800000000| PB 0x00000007ffe00000| Untracked 

Card table byte_map: [0x000002419ae00000,0x000002419b400000] _byte_map_base: 0x0000024197400000

Marking Bits: (CMBitMap*) 0x0000024182eb2240
 Bits: [0x000002419b400000, 0x000002419e400000)

Polling page: 0x0000024180d90000

Metaspace:

Usage:
  Non-class:     63.99 MB used.
      Class:     10.69 MB used.
       Both:     74.68 MB used.

Virtual space:
  Non-class space:      128.00 MB reserved,      65.19 MB ( 51%) committed,  2 nodes.
      Class space:        1.00 GB reserved,      11.81 MB (  1%) committed,  1 nodes.
             Both:        1.12 GB reserved,      77.00 MB (  7%) committed. 

Chunk freelists:
   Non-Class:  14.20 MB
       Class:  4.20 MB
        Both:  18.41 MB

MaxMetaspaceSize: unlimited
CompressedClassSpaceSize: 1.00 GB
Initial GC threshold: 21.00 MB
Current GC threshold: 114.62 MB
CDS: on
 - commit_granule_bytes: 65536.
 - commit_granule_words: 8192.
 - virtual_space_node_default_size: 8388608.
 - enlarge_chunks_in_place: 1.
 - use_allocation_guard: 0.


Internal statistics:

num_allocs_failed_limit: 9.
num_arena_births: 3964.
num_arena_deaths: 0.
num_vsnodes_births: 3.
num_vsnodes_deaths: 0.
num_space_committed: 1232.
num_space_uncommitted: 0.
num_chunks_returned_to_freelist: 9.
num_chunks_taken_from_freelist: 7445.
num_chunk_merges: 6.
num_chunk_splits: 4733.
num_chunks_enlarged: 2781.
num_inconsistent_stats: 0.

CodeHeap 'non-profiled nmethods': size=120000Kb used=5490Kb max_used=5490Kb free=114509Kb
 bounds [0x0000024192d80000, 0x00000241932e0000, 0x000002419a2b0000]
CodeHeap 'profiled nmethods': size=120000Kb used=15819Kb max_used=15819Kb free=104180Kb
 bounds [0x000002418b2b0000, 0x000002418c230000, 0x00000241927e0000]
CodeHeap 'non-nmethods': size=5760Kb used=2837Kb max_used=2886Kb free=2922Kb
 bounds [0x00000241927e0000, 0x0000024192ad0000, 0x0000024192d80000]
 total_blobs=9225 nmethods=8284 adapters=845
 compilation: enabled
              stopped_count=0, restarted_count=0
 full_count=0

Compilation events (20 events):
Event: 15.290 Thread 0x00000241a105f890 nmethod 9585 0x000002418c21e890 code [0x000002418c21ea40, 0x000002418c21eb88]
Event: 15.290 Thread 0x00000241a105c120 nmethod 9581 0x00000241932dba90 code [0x00000241932dbc40, 0x00000241932dc330]
Event: 15.291 Thread 0x00000241a105f890 9586       3       com.google.common.base.Splitter$SplittingIterator::computeNext (5 bytes)
Event: 15.291 Thread 0x00000241a105f890 nmethod 9586 0x000002418c21ec10 code [0x000002418c21edc0, 0x000002418c21ef80]
Event: 15.291 Thread 0x00000241a105f890 9588       3       net.minecraftforge.gradle.common.util.MavenArtifactDownloader::lambda$_download$0 (51 bytes)
Event: 15.291 Thread 0x00000241a105f890 nmethod 9588 0x000002418c21f010 code [0x000002418c21f220, 0x000002418c21fa68]
Event: 15.291 Thread 0x00000241a105f890 9587       3       com.google.common.base.Splitter$SplittingIterator::computeNext (279 bytes)
Event: 15.291 Thread 0x00000241a105f890 nmethod 9587 0x000002418c21fc10 code [0x000002418c21ff20, 0x000002418c2212a0]
Event: 15.292 Thread 0x00000241a105f890 9589       3       sun.nio.ch.IOUtil::acquireScope (36 bytes)
Event: 15.292 Thread 0x00000241a105f890 nmethod 9589 0x000002418c221790 code [0x000002418c2219e0, 0x000002418c2223a8]
Event: 15.292 Thread 0x00000241a105f890 9590       3       sun.nio.ch.IOUtil::bufferAddress (10 bytes)
Event: 15.292 Thread 0x00000241a105f890 nmethod 9590 0x000002418c222690 code [0x000002418c222840, 0x000002418c2229a8]
Event: 15.292 Thread 0x00000241a105f890 9591       3       java.nio.Buffer$2::getBufferAddress (5 bytes)
Event: 15.292 Thread 0x00000241a105f890 nmethod 9591 0x000002418c222a90 code [0x000002418c222c20, 0x000002418c222d38]
Event: 15.295 Thread 0x00000241a105f890 9592       1       net.minecraftforge.artifactural.base.artifact.SimpleArtifactIdentifier::getVersion (5 bytes)
Event: 15.295 Thread 0x00000241a105f890 nmethod 9592 0x00000241932dc590 code [0x00000241932dc720, 0x00000241932dc7f0]
Event: 15.298 Thread 0x00000241a105f890 9593       3       java.nio.MappedByteBuffer::rewind (5 bytes)
Event: 15.299 Thread 0x00000241a105f890 nmethod 9593 0x000002418c222e10 code [0x000002418c222fc0, 0x000002418c2231f8]
Event: 15.299 Thread 0x00000241a105f890 9594       3       java.nio.MappedByteBuffer::rewind (7 bytes)
Event: 15.299 Thread 0x00000241a105f890 nmethod 9594 0x000002418c223310 code [0x000002418c2234c0, 0x000002418c2236a0]

GC Heap History (20 events):
Event: 8.868 GC heap after
{Heap after GC invocations=13 (full 0):
 garbage-first heap   total 143360K, used 66310K [0x0000000740000000, 0x0000000800000000)
  region size 2048K, 3 young (6144K), 3 survivors (6144K)
 Metaspace       used 50769K, committed 52544K, reserved 1114112K
  class space    used 7248K, committed 8128K, reserved 1048576K
}
Event: 11.318 GC heap before
{Heap before GC invocations=13 (full 0):
 garbage-first heap   total 143360K, used 125702K [0x0000000740000000, 0x0000000800000000)
  region size 2048K, 32 young (65536K), 3 survivors (6144K)
 Metaspace       used 60397K, committed 62336K, reserved 1114112K
  class space    used 8534K, committed 9536K, reserved 1048576K
}
Event: 11.325 GC heap after
{Heap after GC invocations=14 (full 0):
 garbage-first heap   total 143360K, used 72329K [0x0000000740000000, 0x0000000800000000)
  region size 2048K, 4 young (8192K), 4 survivors (8192K)
 Metaspace       used 60397K, committed 62336K, reserved 1114112K
  class space    used 8534K, committed 9536K, reserved 1048576K
}
Event: 11.861 GC heap before
{Heap before GC invocations=14 (full 0):
 garbage-first heap   total 143360K, used 125577K [0x0000000740000000, 0x0000000800000000)
  region size 2048K, 30 young (61440K), 4 survivors (8192K)
 Metaspace       used 63109K, committed 65152K, reserved 1114112K
  class space    used 8910K, committed 9920K, reserved 1048576K
}
Event: 11.870 GC heap after
{Heap after GC invocations=15 (full 0):
 garbage-first heap   total 143360K, used 79356K [0x0000000740000000, 0x0000000800000000)
  region size 2048K, 4 young (8192K), 4 survivors (8192K)
 Metaspace       used 63109K, committed 65152K, reserved 1114112K
  class space    used 8910K, committed 9920K, reserved 1048576K
}
Event: 12.313 GC heap before
{Heap before GC invocations=16 (full 0):
 garbage-first heap   total 143360K, used 122364K [0x0000000740000000, 0x0000000800000000)
  region size 2048K, 26 young (53248K), 4 survivors (8192K)
 Metaspace       used 64875K, committed 66944K, reserved 1114112K
  class space    used 9214K, committed 10240K, reserved 1048576K
}
Event: 12.320 GC heap after
{Heap after GC invocations=17 (full 0):
 garbage-first heap   total 143360K, used 84796K [0x0000000740000000, 0x0000000800000000)
  region size 2048K, 3 young (6144K), 3 survivors (6144K)
 Metaspace       used 64875K, committed 66944K, reserved 1114112K
  class space    used 9214K, committed 10240K, reserved 1048576K
}
Event: 13.577 GC heap before
{Heap before GC invocations=17 (full 0):
 garbage-first heap   total 165888K, used 162620K [0x0000000740000000, 0x0000000800000000)
  region size 2048K, 22 young (45056K), 3 survivors (6144K)
 Metaspace       used 68091K, committed 70144K, reserved 1114112K
  class space    used 9607K, committed 10624K, reserved 1048576K
}
Event: 13.582 GC heap after
{Heap after GC invocations=18 (full 0):
 garbage-first heap   total 178176K, used 87587K [0x0000000740000000, 0x0000000800000000)
  region size 2048K, 2 young (4096K), 2 survivors (4096K)
 Metaspace       used 68091K, committed 70144K, reserved 1114112K
  class space    used 9607K, committed 10624K, reserved 1048576K
}
Event: 13.679 GC heap before
{Heap before GC invocations=18 (full 0):
 garbage-first heap   total 178176K, used 97827K [0x0000000740000000, 0x0000000800000000)
  region size 2048K, 8 young (16384K), 2 survivors (4096K)
 Metaspace       used 68301K, committed 70400K, reserved 1114112K
  class space    used 9624K, committed 10624K, reserved 1048576K
}
Event: 13.682 GC heap after
{Heap after GC invocations=19 (full 0):
 garbage-first heap   total 178176K, used 88401K [0x0000000740000000, 0x0000000800000000)
  region size 2048K, 2 young (4096K), 2 survivors (4096K)
 Metaspace       used 68301K, committed 70400K, reserved 1114112K
  class space    used 9624K, committed 10624K, reserved 1048576K
}
Event: 13.714 GC heap before
{Heap before GC invocations=19 (full 0):
 garbage-first heap   total 178176K, used 110929K [0x0000000740000000, 0x0000000800000000)
  region size 2048K, 3 young (6144K), 2 survivors (4096K)
 Metaspace       used 68302K, committed 70400K, reserved 1114112K
  class space    used 9624K, committed 10624K, reserved 1048576K
}
Event: 13.716 GC heap after
{Heap after GC invocations=20 (full 0):
 garbage-first heap   total 178176K, used 88193K [0x0000000740000000, 0x0000000800000000)
  region size 2048K, 2 young (4096K), 2 survivors (4096K)
 Metaspace       used 68302K, committed 70400K, reserved 1114112K
  class space    used 9624K, committed 10624K, reserved 1048576K
}
Event: 14.525 GC heap before
{Heap before GC invocations=21 (full 0):
 garbage-first heap   total 204800K, used 202881K [0x0000000740000000, 0x0000000800000000)
  region size 2048K, 36 young (73728K), 2 survivors (4096K)
 Metaspace       used 73651K, committed 75904K, reserved 1114112K
  class space    used 10491K, committed 11584K, reserved 1048576K
}
Event: 14.533 GC heap after
{Heap after GC invocations=22 (full 0):
 garbage-first heap   total 215040K, used 109878K [0x0000000740000000, 0x0000000800000000)
  region size 2048K, 5 young (10240K), 5 survivors (10240K)
 Metaspace       used 73651K, committed 75904K, reserved 1114112K
  class space    used 10491K, committed 11584K, reserved 1048576K
}
Event: 15.221 GC heap before
{Heap before GC invocations=22 (full 0):
 garbage-first heap   total 225280K, used 224566K [0x0000000740000000, 0x0000000800000000)
  region size 2048K, 43 young (88064K), 5 survivors (10240K)
 Metaspace       used 76445K, committed 78784K, reserved 1179648K
  class space    used 10947K, committed 12096K, reserved 1048576K
}
Event: 15.231 GC heap after
{Heap after GC invocations=23 (full 0):
 garbage-first heap   total 247808K, used 117303K [0x0000000740000000, 0x0000000800000000)
  region size 2048K, 5 young (10240K), 5 survivors (10240K)
 Metaspace       used 76445K, committed 78784K, reserved 1179648K
  class space    used 10947K, committed 12096K, reserved 1048576K
}
Event: 15.236 GC heap before
{Heap before GC invocations=23 (full 0):
 garbage-first heap   total 247808K, used 117303K [0x0000000740000000, 0x0000000800000000)
  region size 2048K, 6 young (12288K), 5 survivors (10240K)
 Metaspace       used 76445K, committed 78784K, reserved 1179648K
  class space    used 10947K, committed 12096K, reserved 1048576K
}
Event: 15.241 GC heap after
{Heap after GC invocations=24 (full 0):
 garbage-first heap   total 247808K, used 118382K [0x0000000740000000, 0x0000000800000000)
  region size 2048K, 1 young (2048K), 1 survivors (2048K)
 Metaspace       used 76445K, committed 78784K, reserved 1179648K
  class space    used 10947K, committed 12096K, reserved 1048576K
}
Event: 15.299 GC heap before
{Heap before GC invocations=24 (full 0):
 garbage-first heap   total 247808K, used 134766K [0x0000000740000000, 0x0000000800000000)
  region size 2048K, 4 young (8192K), 1 survivors (2048K)
 Metaspace       used 76472K, committed 78848K, reserved 1179648K
  class space    used 10947K, committed 12096K, reserved 1048576K
}

Dll operation events (15 events):
Event: 0.013 Loaded shared library C:\Program Files\Java\jdk-21\bin\java.dll
Event: 0.055 Loaded shared library C:\Program Files\Java\jdk-21\bin\jsvml.dll
Event: 0.101 Loaded shared library C:\Program Files\Java\jdk-21\bin\zip.dll
Event: 0.106 Loaded shared library C:\Program Files\Java\jdk-21\bin\instrument.dll
Event: 0.111 Loaded shared library C:\Program Files\Java\jdk-21\bin\net.dll
Event: 0.114 Loaded shared library C:\Program Files\Java\jdk-21\bin\nio.dll
Event: 0.120 Loaded shared library C:\Program Files\Java\jdk-21\bin\zip.dll
Event: 0.328 Loaded shared library C:\Program Files\Java\jdk-21\bin\jimage.dll
Event: 0.391 Loaded shared library C:\Program Files\Java\jdk-21\bin\verify.dll
Event: 0.564 Loaded shared library D:\.gradle\native\c067742578af261105cb4f569cf0c3c89f3d7b1fecec35dd04571415982c5e48\windows-amd64\native-platform.dll
Event: 0.574 Loaded shared library D:\.gradle\native\38dada09dfb8b06ba9b0570ebf7e218e3eb74d4ef43ca46872605cf95ebc2f47\windows-amd64\native-platform-file-events.dll
Event: 1.528 Loaded shared library C:\Program Files\Java\jdk-21\bin\management.dll
Event: 1.533 Loaded shared library C:\Program Files\Java\jdk-21\bin\management_ext.dll
Event: 1.918 Loaded shared library C:\Program Files\Java\jdk-21\bin\extnet.dll
Event: 2.045 Loaded shared library C:\Program Files\Java\jdk-21\bin\sunmscapi.dll

Deoptimization events (20 events):
Event: 15.133 Thread 0x00000241e7f65e80 Uncommon trap: trap_request=0xffffffc6 fr.pc=0x0000024192f705a0 relative=0x0000000000000460
Event: 15.133 Thread 0x00000241e7f65e80 Uncommon trap: reason=bimorphic_or_optimized_type_check action=maybe_recompile pc=0x0000024192f705a0 method=java.util.Spliterators$IteratorSpliterator.tryAdvance(Ljava/util/function/Consumer;)Z @ 50 c2
Event: 15.133 Thread 0x00000241e7f65e80 DEOPT PACKING pc=0x0000024192f705a0 sp=0x0000009441df59a0
Event: 15.133 Thread 0x00000241e7f65e80 DEOPT UNPACKING pc=0x00000241928346a2 sp=0x0000009441df5940 mode 2
Event: 15.133 Thread 0x00000241e7f65e80 Uncommon trap: trap_request=0xffffffde fr.pc=0x0000024192dd6f58 relative=0x0000000000000298
Event: 15.133 Thread 0x00000241e7f65e80 Uncommon trap: reason=class_check action=maybe_recompile pc=0x0000024192dd6f58 method=java.util.stream.StreamOpFlag.fromCharacteristics(Ljava/util/Spliterator;)I @ 14 c2
Event: 15.133 Thread 0x00000241e7f65e80 DEOPT PACKING pc=0x0000024192dd6f58 sp=0x0000009441df57b0
Event: 15.133 Thread 0x00000241e7f65e80 DEOPT UNPACKING pc=0x00000241928346a2 sp=0x0000009441df5698 mode 2
Event: 15.203 Thread 0x00000241e7f65e80 Uncommon trap: trap_request=0xffffffc6 fr.pc=0x0000024192f705a0 relative=0x0000000000000460
Event: 15.203 Thread 0x00000241e7f65e80 Uncommon trap: reason=bimorphic_or_optimized_type_check action=maybe_recompile pc=0x0000024192f705a0 method=java.util.Spliterators$IteratorSpliterator.tryAdvance(Ljava/util/function/Consumer;)Z @ 50 c2
Event: 15.203 Thread 0x00000241e7f65e80 DEOPT PACKING pc=0x0000024192f705a0 sp=0x0000009441df56b0
Event: 15.203 Thread 0x00000241e7f65e80 DEOPT UNPACKING pc=0x00000241928346a2 sp=0x0000009441df5650 mode 2
Event: 15.203 Thread 0x00000241e7f65e80 Uncommon trap: trap_request=0xffffffde fr.pc=0x0000024192fafaa0 relative=0x0000000000000260
Event: 15.203 Thread 0x00000241e7f65e80 Uncommon trap: reason=class_check action=maybe_recompile pc=0x0000024192fafaa0 method=java.util.stream.StreamOpFlag.fromCharacteristics(Ljava/util/Spliterator;)I @ 14 c2
Event: 15.203 Thread 0x00000241e7f65e80 DEOPT PACKING pc=0x0000024192fafaa0 sp=0x0000009441df5460
Event: 15.203 Thread 0x00000241e7f65e80 DEOPT UNPACKING pc=0x00000241928346a2 sp=0x0000009441df53b0 mode 2
Event: 15.203 Thread 0x00000241e7f65e80 Uncommon trap: trap_request=0xffffffde fr.pc=0x0000024192faed10 relative=0x0000000000000070
Event: 15.203 Thread 0x00000241e7f65e80 Uncommon trap: reason=class_check action=maybe_recompile pc=0x0000024192faed10 method=java.util.stream.StreamOpFlag.fromCharacteristics(Ljava/util/Spliterator;)I @ 14 c2
Event: 15.203 Thread 0x00000241e7f65e80 DEOPT PACKING pc=0x0000024192faed10 sp=0x0000009441df5700
Event: 15.203 Thread 0x00000241e7f65e80 DEOPT UNPACKING pc=0x00000241928346a2 sp=0x0000009441df5698 mode 2

Classes loaded (20 events):
Event: 15.049 Loading class java/lang/reflect/AccessibleObjectCustomizer
Event: 15.049 Loading class java/lang/reflect/AccessibleObjectCustomizer done
Event: 15.049 Loading class java/lang/reflect/ExecutableCustomizer
Event: 15.049 Loading class java/lang/reflect/ExecutableCustomizer done
Event: 15.050 Loading class java/lang/reflect/ExecutableCustomizer
Event: 15.050 Loading class java/lang/reflect/ExecutableCustomizer done
Event: 15.050 Loading class java/lang/reflect/MethodCustomizer
Event: 15.050 Loading class java/lang/reflect/MethodCustomizer done
Event: 15.050 Loading class java/lang/reflect/MethodCustomizer
Event: 15.050 Loading class java/lang/reflect/MethodCustomizer done
Event: 15.063 Loading class sun/reflect/generics/tree/ByteSignature
Event: 15.063 Loading class sun/reflect/generics/tree/ByteSignature done
Event: 15.063 Loading class sun/reflect/generics/tree/CharSignature
Event: 15.063 Loading class sun/reflect/generics/tree/CharSignature done
Event: 15.064 Loading class sun/reflect/generics/tree/DoubleSignature
Event: 15.064 Loading class sun/reflect/generics/tree/DoubleSignature done
Event: 15.064 Loading class sun/reflect/generics/tree/FloatSignature
Event: 15.064 Loading class sun/reflect/generics/tree/FloatSignature done
Event: 15.064 Loading class sun/reflect/generics/tree/ShortSignature
Event: 15.064 Loading class sun/reflect/generics/tree/ShortSignature done

Classes unloaded (0 events):
No events

Classes redefined (0 events):
No events

Internal exceptions (20 events):
Event: 15.057 Thread 0x00000241e7f65e80 Exception <a 'java/lang/ClassNotFoundException'{0x00000007479a10e8}: org/codehaus/groovy/runtime/DefaultGroovyMethodsSupportCustomizer> (0x00000007479a10e8) 
thrown [s\open\src\hotspot\share\classfile\systemDictionary.cpp, line 312]
Event: 15.058 Thread 0x00000241e7f65e80 Exception <a 'java/lang/ClassNotFoundException'{0x00000007479aee10}: org/codehaus/groovy/runtime/DefaultGroovyMethodsCustomizer> (0x00000007479aee10) 
thrown [s\open\src\hotspot\share\classfile\systemDictionary.cpp, line 312]
Event: 15.071 Thread 0x00000241e7f65e80 Exception <a 'java/lang/ClassNotFoundException'{0x0000000747220ef0}: org/codehaus/groovy/reflection/CachedMethodBeanInfo> (0x0000000747220ef0) 
thrown [s\open\src\hotspot\share\classfile\systemDictionary.cpp, line 312]
Event: 15.072 Thread 0x00000241e7f65e80 Exception <a 'java/lang/ClassNotFoundException'{0x000000074722c3b8}: groovy/lang/MetaMethodBeanInfo> (0x000000074722c3b8) 
thrown [s\open\src\hotspot\share\classfile\systemDictionary.cpp, line 312]
Event: 15.072 Thread 0x00000241e7f65e80 Exception <a 'java/lang/ClassNotFoundException'{0x0000000747237ac0}: org/codehaus/groovy/reflection/ParameterTypesBeanInfo> (0x0000000747237ac0) 
thrown [s\open\src\hotspot\share\classfile\systemDictionary.cpp, line 312]
Event: 15.073 Thread 0x00000241e7f65e80 Exception <a 'java/lang/ClassNotFoundException'{0x00000007472431f8}: org/codehaus/groovy/reflection/ParameterTypesCustomizer> (0x00000007472431f8) 
thrown [s\open\src\hotspot\share\classfile\systemDictionary.cpp, line 312]
Event: 15.073 Thread 0x00000241e7f65e80 Exception <a 'java/lang/ClassNotFoundException'{0x0000000747254a28}: groovy/lang/MetaMethodCustomizer> (0x0000000747254a28) 
thrown [s\open\src\hotspot\share\classfile\systemDictionary.cpp, line 312]
Event: 15.074 Thread 0x00000241e7f65e80 Exception <a 'java/lang/ClassNotFoundException'{0x000000074726cf80}: org/codehaus/groovy/reflection/CachedMethodCustomizer> (0x000000074726cf80) 
thrown [s\open\src\hotspot\share\classfile\systemDictionary.cpp, line 312]
Event: 15.078 Thread 0x00000241e7f65e80 Exception <a 'java/lang/ClassNotFoundException'{0x0000000747320508}: org/gradle/api/internal/file/collections/DefaultConfigurableFileCollection$PathSetBeanInfo> (0x0000000747320508) 
thrown [s\open\src\hotspot\share\classfile\systemDictionary.cpp, line 312]
Event: 15.078 Thread 0x00000241e7f65e80 Exception <a 'java/lang/ClassNotFoundException'{0x000000074732ad00}: org/gradle/api/internal/file/collections/DefaultConfigurableFileCollection$PathSetCustomizer> (0x000000074732ad00) 
thrown [s\open\src\hotspot\share\classfile\systemDictionary.cpp, line 312]
Event: 15.081 Thread 0x00000241e7f65e80 Exception <a 'java/lang/ClassNotFoundException'{0x000000074735cfc8}: com/intellij/gradle/toolingExtension/util/GradleReflectionUtilBeanInfo> (0x000000074735cfc8) 
thrown [s\open\src\hotspot\share\classfile\systemDictionary.cpp, line 312]
Event: 15.081 Thread 0x00000241e7f65e80 Exception <a 'java/lang/ClassNotFoundException'{0x0000000747369f10}: com/intellij/gradle/toolingExtension/util/GradleReflectionUtilCustomizer> (0x0000000747369f10) 
thrown [s\open\src\hotspot\share\classfile\systemDictionary.cpp, line 312]
Event: 15.086 Thread 0x00000241e7f65e80 Exception <a 'java/lang/ClassNotFoundException'{0x00000007473a9568}: org/jetbrains/plugins/gradle/model/DefaultExternalSourceDirectorySetBeanInfo> (0x00000007473a9568) 
thrown [s\open\src\hotspot\share\classfile\systemDictionary.cpp, line 312]
Event: 15.086 Thread 0x00000241e7f65e80 Exception <a 'java/lang/ClassNotFoundException'{0x00000007473b3a30}: org/jetbrains/plugins/gradle/model/DefaultExternalSourceDirectorySetCustomizer> (0x00000007473b3a30) 
thrown [s\open\src\hotspot\share\classfile\systemDictionary.cpp, line 312]
Event: 15.094 Thread 0x00000241e7f65e80 Exception <a 'java/lang/ClassNotFoundException'{0x00000007470115c0}: com/intellij/openapi/externalSystem/model/project/ExternalSystemSourceTypeBeanInfo> (0x00000007470115c0) 
thrown [s\open\src\hotspot\share\classfile\systemDictionary.cpp, line 312]
Event: 15.095 Thread 0x00000241e7f65e80 Exception <a 'java/lang/ClassNotFoundException'{0x000000074701bb18}: com/intellij/openapi/externalSystem/model/project/ExternalSystemSourceTypeCustomizer> (0x000000074701bb18) 
thrown [s\open\src\hotspot\share\classfile\systemDictionary.cpp, line 312]
Event: 15.103 Thread 0x00000241e7f65e80 Exception <a 'java/lang/ClassNotFoundException'{0x00000007470d0948}: org/jetbrains/plugins/gradle/tooling/util/resolve/DependencyResolverImplBeanInfo> (0x00000007470d0948) 
thrown [s\open\src\hotspot\share\classfile\systemDictionary.cpp, line 312]
Event: 15.103 Thread 0x00000241e7f65e80 Exception <a 'java/lang/ClassNotFoundException'{0x00000007470dae88}: org/jetbrains/plugins/gradle/tooling/util/resolve/DependencyResolverImplCustomizer> (0x00000007470dae88) 
thrown [s\open\src\hotspot\share\classfile\systemDictionary.cpp, line 312]
Event: 15.104 Thread 0x00000241e7f65e80 Exception <a 'java/lang/NoSuchMethodError'{0x00000007470f51b0}: 'java.lang.Object java.lang.invoke.DirectMethodHandle$Holder.newInvokeSpecial(java.lang.Object, java.lang.Object, java.lang.Object, int, int)'> (0x00000007470f51b0) 
thrown [s\open\src\hotspot\share\interpreter\linkResolver.cpp, line 773]
Event: 15.105 Thread 0x00000241e7f65e80 Exception <a 'java/lang/NoSuchMethodError'{0x00000007470fd200}: 'java.lang.Object java.lang.invoke.DelegatingMethodHandle$Holder.reinvoke_L(java.lang.Object, java.lang.Object, java.lang.Object, int, int)'> (0x00000007470fd200) 
thrown [s\open\src\hotspot\share\interpreter\linkResolver.cpp, line 773]

ZGC Phase Switch (0 events):
No events

VM Operations (20 events):
Event: 13.988 Executing VM operation: HandshakeAllThreads (Deoptimize) done
Event: 14.315 Executing VM operation: ICBufferFull
Event: 14.315 Executing VM operation: ICBufferFull done
Event: 14.350 Executing VM operation: HandshakeAllThreads (Deoptimize)
Event: 14.350 Executing VM operation: HandshakeAllThreads (Deoptimize) done
Event: 14.352 Executing VM operation: HandshakeAllThreads (Deoptimize)
Event: 14.352 Executing VM operation: HandshakeAllThreads (Deoptimize) done
Event: 14.364 Executing VM operation: HandshakeAllThreads (Deoptimize)
Event: 14.364 Executing VM operation: HandshakeAllThreads (Deoptimize) done
Event: 14.525 Executing VM operation: G1CollectForAllocation (G1 Evacuation Pause)
Event: 14.533 Executing VM operation: G1CollectForAllocation (G1 Evacuation Pause) done
Event: 14.721 Executing VM operation: ICBufferFull
Event: 14.721 Executing VM operation: ICBufferFull done
Event: 15.130 Executing VM operation: ICBufferFull
Event: 15.130 Executing VM operation: ICBufferFull done
Event: 15.221 Executing VM operation: G1CollectForAllocation (G1 Evacuation Pause)
Event: 15.231 Executing VM operation: G1CollectForAllocation (G1 Evacuation Pause) done
Event: 15.236 Executing VM operation: G1TryInitiateConcMark (G1 Humongous Allocation)
Event: 15.241 Executing VM operation: G1TryInitiateConcMark (G1 Humongous Allocation) done
Event: 15.299 Executing VM operation: G1TryInitiateConcMark (G1 Humongous Allocation)

Events (20 events):
Event: 13.759 Thread 0x00000241a101dbb0 flushing nmethod 0x0000024192e32c10
Event: 13.759 Thread 0x00000241a101dbb0 flushing nmethod 0x0000024192deba10
Event: 13.759 Thread 0x00000241a101dbb0 flushing nmethod 0x0000024192dba610
Event: 13.759 Thread 0x00000241a101dbb0 flushing nmethod 0x0000024192db4510
Event: 13.759 Thread 0x00000241a101dbb0 flushing nmethod 0x0000024192da7410
Event: 14.303 Thread 0x00000241eb034aa0 Thread added: 0x00000241eb034aa0
Event: 14.309 Thread 0x00000241eb03ad10 Thread added: 0x00000241eb03ad10
Event: 14.309 Thread 0x00000241eb0392d0 Thread added: 0x00000241eb0392d0
Event: 14.309 Thread 0x00000241eb03a680 Thread added: 0x00000241eb03a680
Event: 14.309 Thread 0x00000241eb035130 Thread added: 0x00000241eb035130
Event: 14.309 Thread 0x00000241eb0357c0 Thread added: 0x00000241eb0357c0
Event: 14.309 Thread 0x00000241eb033d80 Thread added: 0x00000241eb033d80
Event: 14.309 Thread 0x00000241eb035e50 Thread added: 0x00000241eb035e50
Event: 14.310 Thread 0x00000241eb0364e0 Thread added: 0x00000241eb0364e0
Event: 14.310 Thread 0x00000241eb037200 Thread added: 0x00000241eb037200
Event: 14.310 Thread 0x00000241eb03b3a0 Thread added: 0x00000241eb03b3a0
Event: 14.310 Thread 0x00000241eb034410 Thread added: 0x00000241eb034410
Event: 14.325 Thread 0x00000241eb037890 Thread added: 0x00000241eb037890
Event: 14.455 Thread 0x00000241a1060630 Thread added: 0x00000241a1060630
Event: 15.024 Thread 0x00000241a1060630 Thread exited: 0x00000241a1060630


Dynamic libraries:
0x00007ff6c4a10000 - 0x00007ff6c4a20000 	C:\Program Files\Java\jdk-21\bin\java.exe
0x00007ffab90d0000 - 0x00007ffab92e7000 	C:\WINDOWS\SYSTEM32\ntdll.dll
0x00007ffab7d90000 - 0x00007ffab7e54000 	C:\WINDOWS\System32\KERNEL32.DLL
0x00007ffab69f0000 - 0x00007ffab6dc0000 	C:\WINDOWS\System32\KERNELBASE.dll
0x00007ffab6640000 - 0x00007ffab6751000 	C:\WINDOWS\System32\ucrtbase.dll
0x00007ffa901f0000 - 0x00007ffa9020b000 	C:\Program Files\Java\jdk-21\bin\VCRUNTIME140.dll
0x00007ffa8c0e0000 - 0x00007ffa8c0f9000 	C:\Program Files\Java\jdk-21\bin\jli.dll
0x00007ffab8dc0000 - 0x00007ffab8e71000 	C:\WINDOWS\System32\ADVAPI32.dll
0x00007ffab7680000 - 0x00007ffab7727000 	C:\WINDOWS\System32\msvcrt.dll
0x00007ffab8fe0000 - 0x00007ffab9087000 	C:\WINDOWS\System32\sechost.dll
0x00007ffab64f0000 - 0x00007ffab6518000 	C:\WINDOWS\System32\bcrypt.dll
0x00007ffab7c60000 - 0x00007ffab7d74000 	C:\WINDOWS\System32\RPCRT4.dll
0x00007ffab7ed0000 - 0x00007ffab807e000 	C:\WINDOWS\System32\USER32.dll
0x00007ffab6900000 - 0x00007ffab6926000 	C:\WINDOWS\System32\win32u.dll
0x00007ffaa5450000 - 0x00007ffaa56e2000 	C:\WINDOWS\WinSxS\amd64_microsoft.windows.common-controls_6595b64144ccf1df_6.0.22621.4830_none_270fe7d773858e80\COMCTL32.dll
0x00007ffab8250000 - 0x00007ffab8279000 	C:\WINDOWS\System32\GDI32.dll
0x00007ffab67e0000 - 0x00007ffab68fb000 	C:\WINDOWS\System32\gdi32full.dll
0x00007ffab6520000 - 0x00007ffab65ba000 	C:\WINDOWS\System32\msvcp_win.dll
0x00007ffaaedb0000 - 0x00007ffaaedba000 	C:\WINDOWS\SYSTEM32\VERSION.dll
0x00007ffab6dc0000 - 0x00007ffab6df1000 	C:\WINDOWS\System32\IMM32.DLL
0x00007ffaa01f0000 - 0x00007ffaa01fc000 	C:\Program Files\Java\jdk-21\bin\vcruntime140_1.dll
0x00007ffa58dc0000 - 0x00007ffa58e4e000 	C:\Program Files\Java\jdk-21\bin\msvcp140.dll
0x00007ffa12f30000 - 0x00007ffa13c45000 	C:\Program Files\Java\jdk-21\bin\server\jvm.dll
0x00007ffab78f0000 - 0x00007ffab7961000 	C:\WINDOWS\System32\WS2_32.dll
0x00007ffab51e0000 - 0x00007ffab522d000 	C:\WINDOWS\SYSTEM32\POWRPROF.dll
0x00007ffab1b50000 - 0x00007ffab1b84000 	C:\WINDOWS\SYSTEM32\WINMM.dll
0x00007ffab51c0000 - 0x00007ffab51d3000 	C:\WINDOWS\SYSTEM32\UMPDC.dll
0x00007ffab5470000 - 0x00007ffab5488000 	C:\WINDOWS\SYSTEM32\kernel.appcore.dll
0x00007ffaa0050000 - 0x00007ffaa005a000 	C:\Program Files\Java\jdk-21\bin\jimage.dll
0x00007ffab3d60000 - 0x00007ffab3f92000 	C:\WINDOWS\SYSTEM32\DBGHELP.DLL
0x00007ffab8880000 - 0x00007ffab8c10000 	C:\WINDOWS\System32\combase.dll
0x00007ffab8f00000 - 0x00007ffab8fd7000 	C:\WINDOWS\System32\OLEAUT32.dll
0x00007ffaa8ce0000 - 0x00007ffaa8d12000 	C:\WINDOWS\SYSTEM32\dbgcore.DLL
0x00007ffab6760000 - 0x00007ffab67db000 	C:\WINDOWS\System32\bcryptPrimitives.dll
0x00007ffaa8f80000 - 0x00007ffaa8f8f000 	C:\Program Files\Java\jdk-21\bin\instrument.dll
0x00007ffa8b2e0000 - 0x00007ffa8b2ff000 	C:\Program Files\Java\jdk-21\bin\java.dll
0x00007ffab6e00000 - 0x00007ffab7678000 	C:\WINDOWS\System32\SHELL32.dll
0x00007ffab4290000 - 0x00007ffab4ba0000 	C:\WINDOWS\SYSTEM32\windows.storage.dll
0x00007ffab4150000 - 0x00007ffab428f000 	C:\WINDOWS\SYSTEM32\wintypes.dll
0x00007ffab8080000 - 0x00007ffab818a000 	C:\WINDOWS\System32\SHCORE.dll
0x00007ffab7a80000 - 0x00007ffab7ade000 	C:\WINDOWS\System32\shlwapi.dll
0x00007ffab62b0000 - 0x00007ffab62db000 	C:\WINDOWS\SYSTEM32\profapi.dll
0x00007ffa55310000 - 0x00007ffa553e7000 	C:\Program Files\Java\jdk-21\bin\jsvml.dll
0x00007ffa8a580000 - 0x00007ffa8a598000 	C:\Program Files\Java\jdk-21\bin\zip.dll
0x00007ffa9ff70000 - 0x00007ffa9ff80000 	C:\Program Files\Java\jdk-21\bin\net.dll
0x00007ffab2d30000 - 0x00007ffab2e5c000 	C:\WINDOWS\SYSTEM32\WINHTTP.dll
0x00007ffab58e0000 - 0x00007ffab594a000 	C:\WINDOWS\system32\mswsock.dll
0x00007ffa8a7f0000 - 0x00007ffa8a806000 	C:\Program Files\Java\jdk-21\bin\nio.dll
0x00007ffa9dc70000 - 0x00007ffa9dc80000 	C:\Program Files\Java\jdk-21\bin\verify.dll
0x00007ffa9ad20000 - 0x00007ffa9ad47000 	D:\.gradle\native\c067742578af261105cb4f569cf0c3c89f3d7b1fecec35dd04571415982c5e48\windows-amd64\native-platform.dll
0x00007ffa553f0000 - 0x00007ffa55534000 	D:\.gradle\native\38dada09dfb8b06ba9b0570ebf7e218e3eb74d4ef43ca46872605cf95ebc2f47\windows-amd64\native-platform-file-events.dll
0x00007ffaa0920000 - 0x00007ffaa092a000 	C:\Program Files\Java\jdk-21\bin\management.dll
0x00007ffaa0910000 - 0x00007ffaa091b000 	C:\Program Files\Java\jdk-21\bin\management_ext.dll
0x00007ffab8190000 - 0x00007ffab8198000 	C:\WINDOWS\System32\PSAPI.DLL
0x00007ffab5c30000 - 0x00007ffab5c4b000 	C:\WINDOWS\SYSTEM32\CRYPTSP.dll
0x00007ffab53d0000 - 0x00007ffab5405000 	C:\WINDOWS\system32\rsaenh.dll
0x00007ffab5980000 - 0x00007ffab59a8000 	C:\WINDOWS\SYSTEM32\USERENV.dll
0x00007ffab5c10000 - 0x00007ffab5c1c000 	C:\WINDOWS\SYSTEM32\CRYPTBASE.dll
0x00007ffab4df0000 - 0x00007ffab4e1d000 	C:\WINDOWS\SYSTEM32\IPHLPAPI.DLL
0x00007ffab7a10000 - 0x00007ffab7a19000 	C:\WINDOWS\System32\NSI.dll
0x00007ffa9ea50000 - 0x00007ffa9ea57000 	C:\Program Files\Java\jdk-21\bin\extnet.dll
0x00007ffa9db80000 - 0x00007ffa9db8e000 	C:\Program Files\Java\jdk-21\bin\sunmscapi.dll
0x00007ffab6380000 - 0x00007ffab64e6000 	C:\WINDOWS\System32\CRYPT32.dll
0x00007ffab5d20000 - 0x00007ffab5d4d000 	C:\WINDOWS\SYSTEM32\ncrypt.dll
0x00007ffab5ce0000 - 0x00007ffab5d17000 	C:\WINDOWS\SYSTEM32\NTASN1.dll
0x00007ffa85d40000 - 0x00007ffa85d48000 	C:\WINDOWS\system32\wshunix.dll
0x00007ffab4e20000 - 0x00007ffab4f22000 	C:\WINDOWS\SYSTEM32\DNSAPI.dll
0x00007ffab1f60000 - 0x00007ffab1f6a000 	C:\Windows\System32\rasadhlp.dll
0x00007ffab1980000 - 0x00007ffab1a03000 	C:\WINDOWS\System32\fwpuclnt.dll
0x00007ffab0c00000 - 0x00007ffab0c97000 	C:\WINDOWS\system32\apphelp.dll

dbghelp: loaded successfully - version: 4.0.5 - missing functions: none
symbol engine: initialized successfully - sym options: 0x614 - pdb path: .;C:\Program Files\Java\jdk-21\bin;C:\WINDOWS\SYSTEM32;C:\WINDOWS\WinSxS\amd64_microsoft.windows.common-controls_6595b64144ccf1df_6.0.22621.4830_none_270fe7d773858e80;C:\Program Files\Java\jdk-21\bin\server;D:\.gradle\native\c067742578af261105cb4f569cf0c3c89f3d7b1fecec35dd04571415982c5e48\windows-amd64;D:\.gradle\native\38dada09dfb8b06ba9b0570ebf7e218e3eb74d4ef43ca46872605cf95ebc2f47\windows-amd64

VM Arguments:
jvm_args: --add-opens=java.base/java.util=ALL-UNNAMED --add-opens=java.base/java.lang=ALL-UNNAMED --add-opens=java.base/java.lang.invoke=ALL-UNNAMED --add-opens=java.prefs/java.util.prefs=ALL-UNNAMED --add-opens=java.base/java.nio.charset=ALL-UNNAMED --add-opens=java.base/java.net=ALL-UNNAMED --add-opens=java.base/java.util.concurrent.atomic=ALL-UNNAMED -Xmx3G -Dfile.encoding=UTF-8 -Duser.country=CN -Duser.language=zh -Duser.variant -javaagent:D:\.gradle\wrapper\dists\gradle-8.4-bin\1w5dpkrfk8irigvoxmyhowfim\gradle-8.4\lib\agents\gradle-instrumentation-agent-8.4.jar 
java_command: org.gradle.launcher.daemon.bootstrap.GradleDaemon 8.4
java_class_path (initial): D:\.gradle\wrapper\dists\gradle-8.4-bin\1w5dpkrfk8irigvoxmyhowfim\gradle-8.4\lib\gradle-launcher-8.4.jar
Launcher Type: SUN_STANDARD

[Global flags]
     intx CICompilerCount                          = 4                                         {product} {ergonomic}
     uint ConcGCThreads                            = 3                                         {product} {ergonomic}
     uint G1ConcRefinementThreads                  = 10                                        {product} {ergonomic}
   size_t G1HeapRegionSize                         = 2097152                                   {product} {ergonomic}
    uintx GCDrainStackTargetSize                   = 64                                        {product} {ergonomic}
   size_t InitialHeapSize                          = 232783872                                 {product} {ergonomic}
   size_t MarkStackSize                            = 4194304                                   {product} {ergonomic}
   size_t MaxHeapSize                              = 3221225472                                {product} {command line}
   size_t MaxNewSize                               = 1931476992                                {product} {ergonomic}
   size_t MinHeapDeltaBytes                        = 2097152                                   {product} {ergonomic}
   size_t MinHeapSize                              = 8388608                                   {product} {ergonomic}
    uintx NonNMethodCodeHeapSize                   = 5839372                                {pd product} {ergonomic}
    uintx NonProfiledCodeHeapSize                  = 122909434                              {pd product} {ergonomic}
    uintx ProfiledCodeHeapSize                     = 122909434                              {pd product} {ergonomic}
    uintx ReservedCodeCacheSize                    = 251658240                              {pd product} {ergonomic}
     bool SegmentedCodeCache                       = true                                      {product} {ergonomic}
   size_t SoftMaxHeapSize                          = 3221225472                             {manageable} {ergonomic}
     bool UseCompressedOops                        = true                           {product lp64_product} {ergonomic}
     bool UseG1GC                                  = true                                      {product} {ergonomic}
     bool UseLargePagesIndividualAllocation        = false                                  {pd product} {ergonomic}

Logging:
Log output configuration:
 #0: stdout all=warning uptime,level,tags foldmultilines=false
 #1: stderr all=off uptime,level,tags foldmultilines=false

Environment Variables:
CLASSPATH=D:\.gradle\jdks\eclipse_adoptium-17-amd64-windows\jdk-17.0.9+9\lib\[] gtceu-1.20.1-1.3.1
PATH=C:\Program Files\Common Files\Oracle\Java\javapath;C:\Python312\Scripts\;C:\Python312\;C:\Program Files\Microsoft\jdk-17.0.7.7-hotspot\bin;C:\Program Files (x86)\Common Files\Intel\Shared Libraries\redist\intel64\compiler;C:\Windows\system32;C:\Windows;C:\Windows\System32\Wbem;C:\Windows\System32\WindowsPowerShell\v1.0\;C:\Windows\System32\OpenSSH\;C:\Program Files (x86)\NVIDIA Corporation\PhysX\Common;C:\Program Files\dotnet\;C:\WINDOWS\system32;C:\WINDOWS;C:\WINDOWS\System32\Wbem;C:\WINDOWS\System32\WindowsPowerShell\v1.0\;C:\WINDOWS\System32\OpenSSH\;C:\Program Files (x86)\Pulse Secure\VC142.CRT\X64\;C:\Program Files (x86)\Pulse Secure\VC142.CRT\X86\;C:\Program Files (x86)\Common Files\Pulse Secure\TNC Client Plugin\;D:\matlab\runtime\win64;D:\matlab\bin;C:\Program Files\NVIDIA Corporation\NVIDIA NvDLISR;C:\ProgramData\chocolatey\bin;D:\nodejs\;C:\Program Files\Git\cmd;C:\Program Files\NVIDIA Corporation\NVIDIA App\NvDLISR;C:\Program Files\Docker\Docker\resources\bin;C:\Users\Administrator\AppData\Local\Microsoft\WindowsApps;C:\Users\Administrator\.dotnet\tools;C:\Users\Administrator\AppData\Local\Programs\Microsoft VS Code\bin;C:\mingw64\bin;C:\Users\Administrator\AppData\Roaming\npm;D:\nodejs;;D:\IntelliJ IDEA 2023.3.1\bin;;D:\IntelliJ IDEA Community Edition 2023.3.1\bin;
USERNAME=Administrator
OS=Windows_NT
PROCESSOR_IDENTIFIER=AMD64 Family 25 Model 80 Stepping 0, AuthenticAMD
TMP=C:\Users\ADMINI~1\AppData\Local\Temp
TEMP=C:\Users\ADMINI~1\AppData\Local\Temp




Periodic native trim disabled

---------------  S Y S T E M  ---------------

OS:
 Windows 11 , 64 bit Build 22621 (10.0.22621.4830)
OS uptime: 0 days 23:40 hours
Hyper-V role detected

CPU: total 12 (initial active 12) (12 cores per cpu, 2 threads per core) family 25 model 80 stepping 0 microcode 0x0, cx8, cmov, fxsr, ht, mmx, 3dnowpref, sse, sse2, sse3, ssse3, sse4a, sse4.1, sse4.2, popcnt, lzcnt, tsc, tscinvbit, avx, avx2, aes, erms, clmul, bmi1, bmi2, adx, sha, fma, vzeroupper, clflush, clflushopt, hv, rdtscp, rdpid, fsrm, f16c, cet_ss
Processor Information for processor 0
  Max Mhz: 3301, Current Mhz: 2630, Mhz Limit: 3301
Processor Information for processor 1
  Max Mhz: 3301, Current Mhz: 2630, Mhz Limit: 3301
Processor Information for processor 2
  Max Mhz: 3301, Current Mhz: 2630, Mhz Limit: 3301
Processor Information for processor 3
  Max Mhz: 3301, Current Mhz: 2630, Mhz Limit: 3301
Processor Information for processor 4
  Max Mhz: 3301, Current Mhz: 3301, Mhz Limit: 3301
Processor Information for processor 5
  Max Mhz: 3301, Current Mhz: 2630, Mhz Limit: 3301
Processor Information for processor 6
  Max Mhz: 3301, Current Mhz: 3301, Mhz Limit: 3301
Processor Information for processor 7
  Max Mhz: 3301, Current Mhz: 2630, Mhz Limit: 3301
Processor Information for processor 8
  Max Mhz: 3301, Current Mhz: 2630, Mhz Limit: 3301
Processor Information for processor 9
  Max Mhz: 3301, Current Mhz: 3301, Mhz Limit: 3301
Processor Information for processor 10
  Max Mhz: 3301, Current Mhz: 2630, Mhz Limit: 3301
Processor Information for processor 11
  Max Mhz: 3301, Current Mhz: 2630, Mhz Limit: 3301

Memory: 4k page, system-wide physical 14188M (1281M free)
TotalPageFile size 37615M (AvailPageFile size 144M)
current process WorkingSet (physical memory assigned to process): 521M, peak: 521M
current process commit charge ("private bytes"): 588M, peak: 836M

vm_info: Java HotSpot(TM) 64-Bit Server VM (21.0.1+12-LTS-29) for windows-amd64 JRE (21.0.1+12-LTS-29), built on 2023-10-05T13:27:09Z by "mach5one" with MS VC++ 17.1 (VS2022)

END.
